File: auto2
Table 1:
                                          CityMPG+         HighwayMPG+             Weight-              Class-
                           all               22.37               29.09              3072.9               19.51
                         sway1               33.73               39.07             2114.25                9.17
                         xpln1               31.94               36.97             2187.43                9.94
                         sway2               37.37               41.86             1974.46                8.79
                         xpln2               32.74               37.85             2168.12                9.92
                           top               42.33               46.33             2003.33                 9.7

Scott-Knott for: CityMPG+
1 all    *                  |                     {  22.37,  22.37,  22.37,  22.37,  22.37  }
1 xpln1           ----      |*-----               {  27.80,  29.86,  33.14,  33.44,  36.00  }
1 xpln2               ----  |*-----               {  29.86,  31.56,  33.43,  33.60,  36.00  }
1 sway1           -----     |       *----         {  27.67,  30.33,  36.67,  36.67,  39.33  }
1 sway2                     |   ----   *          {  34.67,  36.67,  38.00,  39.00,  39.33  }
1 top                       |                  *  {  42.33,  42.33,  42.33,  42.33,  42.33  }

Scott-Knott for: HighwayMPG+
1 all    *                  |                     {  29.09,  29.09,  29.09,  29.09,  29.09  }
1 xpln1          -----     *|-----                {  33.32,  35.48,  37.60,  38.20,  40.80  }
1 xpln2               ---   *-----                {  35.48,  36.67,  38.20,  38.57,  40.80  }
1 sway1             ----    |        *--          {  34.67,  36.33,  42.00,  42.00,  43.33  }
1 sway2                     |    -   *            {  40.00,  40.67,  42.00,  43.33,  43.33  }
1 top                       |                  *  {  46.33,  46.33,  46.33,  46.33,  46.33  }

Scott-Knott for: Weight-
1 sway2     *---            |                     { 1901.67, 1905.00, 1966.67, 2001.67, 2093.33  }
1 top        *              |                     { 2003.33, 2003.33, 2003.33, 2003.33, 2003.33  }
2 sway1        *     -----  |                     { 1966.67, 1966.67, 2076.67, 2241.67, 2418.33  }
3 xpln2     ---  *     --   |                     { 1980.00, 2069.29, 2115.00, 2312.86, 2385.83  }
4 xpln1     ---- *     -----|                     { 1980.00, 2102.78, 2123.75, 2312.86, 2499.74  }
5 all                       |                   * { 3072.90, 3072.90, 3072.90, 3072.90, 3072.90  }

Scott-Knott for: Class-
1 sway2   *--               |                     {   8.33,   8.47,   8.70,   8.93,   9.65  }
1 sway1  -*   --            |                     {   8.47,   8.70,   8.73,   9.83,  10.43  }
2 xpln2     *  --------     |                     {   8.36,   8.41,   9.50,  10.17,  12.38  }
3 top        *              |                     {   9.70,   9.70,   9.70,   9.70,   9.70  }
4 xpln1  ---  *--------     |                     {   8.36,   9.31,   9.80,  10.17,  12.64  }
5 all                       |                   * {  19.51,  19.51,  19.51,  19.51,  19.51  }

Table 2:
                                          CityMPG+         HighwayMPG+             Weight-              Class-
                    all to all                   =                   =                   =                   =
                  all to sway1                   ≠                   ≠                   ≠                   ≠
                  all to sway2                   ≠                   ≠                   ≠                   ≠
                sway1 to sway2                   ≠                   ≠                   ≠                   ≠
                sway1 to xpln1                   ≠                   ≠                   ≠                   ≠
                  sway1 to top                   ≠                   ≠                   ≠                   ≠
                sway2 to xpln2                   ≠                   ≠                   ≠                   ≠

Xpln Runtimes:
    xpln1:              5.53ms
    xpln2:              4.97ms

Scott-Knott for: xpln Runtimes
1 xpln2    ----  *    -----|---------            {   0.00,   0.00,   0.00,   0.01,   0.01  }
1 xpln1                 ---|-  *-------          {   0.01,   0.01,   0.01,   0.01,   0.01  }

Sampling Taxes:
                                          CityMPG+         HighwayMPG+             Weight-              Class-
    Sampling Tax (all - sway1)               -11.4               -10.0               958.6                10.3
    Sampling Tax (all - sway2)               -15.0               -12.8              1098.4                10.7

Explanation Taxes:
                                          CityMPG+         HighwayMPG+             Weight-              Class-
     xpln1 Tax (sway1 - xpln1)                 1.8                 2.1               -73.2                -0.8
     xpln2 Tax (sway2 - xpln2)                 4.6                 4.0              -193.7                -1.1


File: auto93
Table 1:
                                              Lbs-                Acc+                Mpg+
                           all             2970.42               15.57               23.84
                         sway1             2004.95               17.57               32.75
                         xpln1             2278.66               16.64               29.56
                         sway2             1936.36               17.25               40.08
                         xpln2             2217.07                16.7               32.86
                           top             2191.67               22.07               43.33

Scott-Knott for: Lbs-
1 sway2  -  * --            |                     { 1830.00, 1885.00, 1945.67, 1995.00, 2064.75  }
1 sway1   --- *------       |                     { 1888.33, 1980.25, 2003.33, 2027.33, 2210.67  }
2 top                *      |                     { 2191.67, 2191.67, 2191.67, 2191.67, 2191.67  }
3 xpln2       -       *-----|----------           { 1989.39, 2026.25, 2227.61, 2240.83, 2722.22  }
4 xpln1        -------*     |------               { 2020.92, 2221.23, 2227.61, 2423.30, 2614.35  }
5 all                       |                   * { 2970.42, 2970.42, 2970.42, 2970.42, 2970.42  }

Scott-Knott for: Acc+
1 all       *               |                     {  15.57,  15.57,  15.57,  15.57,  15.57  }
1 xpln2        - *    -     |                     {  16.09,  16.17,  16.48,  17.33,  17.52  }
1 xpln1            *-       |                     {  16.17,  16.18,  16.79,  16.99,  17.22  }
1 sway2         ---    *--  |                     {  16.33,  16.72,  17.47,  17.57,  18.18  }
2 sway1    ------------   * |-----                {  15.30,  17.47,  18.10,  18.67,  19.50  }
3 top                       |                   * {  22.07,  22.07,  22.07,  22.07,  22.07  }

Scott-Knott for: Mpg+
1 all    *                  |                     {  23.84,  23.84,  23.84,  23.84,  23.84  }
1 xpln1    -------   *  ----|                     {  25.00,  28.57,  30.13,  31.76,  33.89  }
1 xpln2              -----* |---                  {  30.13,  32.58,  32.78,  33.89,  35.62  }
1 sway1       -------       *     --              {  26.67,  30.00,  33.33,  36.67,  37.50  }
2 sway2                     |            *----    {  40.00,  40.00,  40.00,  40.00,  42.50  }
3 top                       |                   * {  43.33,  43.33,  43.33,  43.33,  43.33  }

Table 2:
                                              Lbs-                Acc+                Mpg+
                    all to all                   =                   =                   =
                  all to sway1                   ≠                   ≠                   ≠
                  all to sway2                   ≠                   ≠                   ≠
                sway1 to sway2                   ≠                   ≠                   ≠
                sway1 to xpln1                   ≠                   ≠                   ≠
                  sway1 to top                   ≠                   ≠                   ≠
                sway2 to xpln2                   ≠                   ≠                   ≠

Xpln Runtimes:
    xpln1:              1.11ms
    xpln2:              1.08ms

Scott-Knott for: xpln Runtimes
1 xpln2     ---      *     |    ----------       {   0.00,   0.00,   0.00,   0.00,   0.00  }
1 xpln1        -------    *|  ----               {   0.00,   0.00,   0.00,   0.00,   0.00  }

Sampling Taxes:
                                              Lbs-                Acc+                Mpg+
    Sampling Tax (all - sway1)               965.5                -2.0                -8.9
    Sampling Tax (all - sway2)              1034.1                -1.7               -16.2

Explanation Taxes:
                                              Lbs-                Acc+                Mpg+
     xpln1 Tax (sway1 - xpln1)              -273.7                 0.9                 3.2
     xpln2 Tax (sway2 - xpln2)              -280.7                 0.6                 7.2


File: china
Table 1:
                                         N_effort-
                           all             4277.64
                         sway1              405.29
                         xpln1             1830.03
                         sway2              235.89
                         xpln2             1344.65
                           top                87.0

Scott-Knott for: N_effort-
1 top    *                  |                     {  87.00,  87.00,  87.00,  87.00,  87.00  }
1 sway2  *                  |                     { 113.50, 156.00, 214.25, 294.75, 394.75  }
1 sway1  *----              |                     { 156.00, 217.00, 332.00, 429.25, 972.75  }
2 xpln2   -   *        --   |                     { 459.27, 618.94, 1068.98, 2242.79, 2554.46  }
3 xpln1   ---     *    -----|----------------     { 476.75, 846.15, 1599.37, 2242.79, 5348.59  }
4 all                       |        *            { 4277.64, 4277.64, 4277.64, 4277.64, 4277.64  }

Table 2:
                                         N_effort-
                    all to all                   =
                  all to sway1                   ≠
                  all to sway2                   ≠
                sway1 to sway2                   ≠
                sway1 to xpln1                   ≠
                  sway1 to top                   ≠
                sway2 to xpln2                   ≠

Xpln Runtimes:
    xpln1:              5.14ms
    xpln2:              7.29ms

Scott-Knott for: xpln Runtimes
1 xpln1  *                 |                     {   0.00,   0.00,   0.01,   0.01,   0.01  }
1 xpln2   *  --------      |                     {   0.00,   0.00,   0.01,   0.01,   0.01  }

Sampling Taxes:
                                         N_effort-
    Sampling Tax (all - sway1)              3872.4
    Sampling Tax (all - sway2)              4041.8

Explanation Taxes:
                                         N_effort-
     xpln1 Tax (sway1 - xpln1)             -1424.7
     xpln2 Tax (sway2 - xpln2)             -1108.8


File: coc1000
Table 1:
                                              LOC+               AEXP-               PLEX-               RISK-             EFFORT-
                           all             1011.78                2.97                3.04                6.66            30923.04
                         sway1             1003.59                2.71                2.79                4.51            27920.84
                         xpln1             1020.31                2.94                3.05                 6.2            29807.33
                         sway2             1156.12                2.67                2.38                2.95            21064.41
                         xpln2             1018.09                2.95                3.07                5.95            26700.77
                           top             1557.75                1.25                 1.5                2.25             27871.5

Scott-Knott for: LOC+
1 all                    *  |                     { 995.64, 1003.30, 1010.11, 1018.05, 1036.52  }
1 xpln1                - *--|                     { 980.10, 992.60, 1017.24, 1031.81, 1097.56  }
2 xpln2               --  *-|                     { 951.37, 1000.04, 1031.81, 1060.23, 1081.64  }
3 sway1    --------       * |  --------           { 686.25, 871.00, 1033.25, 1150.25, 1355.00  }
4 sway2          --------   |   *     -----       { 825.00, 1016.25, 1197.25, 1331.25, 1440.25  }
5 top                       |                   * { 1557.75, 1557.75, 1557.75, 1557.75, 1557.75  }

Scott-Knott for: AEXP-
1 top    *                  |                     {   1.25,   1.25,   1.25,   1.25,   1.25  }
1 sway2               ----  *    -------          {   2.25,   2.50,   2.67,   3.00,   3.50  }
1 sway1           --------  |*   -------          {   2.00,   2.50,   2.75,   3.00,   3.50  }
1 xpln2                     |   *                 {   2.92,   2.95,   2.95,   2.96,   2.97  }
1 xpln1                     |   *                 {   2.92,   2.94,   2.96,   2.97,   2.99  }
1 all                       |    *                {   2.92,   2.95,   2.97,   2.99,   3.04  }

Scott-Knott for: PLEX-
1 top    *                  |                     {   1.50,   1.50,   1.50,   1.50,   1.50  }
1 sway2         -----    *--|-                    {   2.00,   2.25,   2.50,   2.50,   2.75  }
1 sway1              ----   | *        ----       {   2.25,   2.50,   2.75,   3.25,   3.50  }
1 xpln1                     |    - *-------       {   2.93,   2.97,   3.02,   3.06,   3.48  }
1 all                       |     -*              {   3.00,   3.03,   3.04,   3.06,   3.11  }
1 xpln2                     |    - *----          {   2.93,   3.01,   3.07,   3.12,   3.33  }

Scott-Knott for: RISK-
1 top        *              |                     {   2.25,   2.25,   2.25,   2.25,   2.25  }
1 sway2  -     *   ------   |                     {   0.25,   1.00,   3.00,   4.50,   6.75  }
2 sway1   -----  *     ---- |                     {   1.00,   2.75,   3.75,   6.00,   7.50  }
3 xpln2             --* --  |                     {   4.73,   5.45,   5.59,   6.51,   7.08  }
4 xpln1             --- *-- |                     {   4.66,   6.17,   6.55,   6.66,   7.73  }
5 all                   -*  |                     {   6.41,   6.60,   6.66,   6.76,   6.91  }

Scott-Knott for: EFFORT-
1 sway2        ---  * ------|-------              { 13624.75, 17730.50, 19399.50, 22101.75, 37818.00  }
1 xpln2             ----   *|------               { 20163.71, 23777.09, 27567.11, 28585.82, 36494.92  }
1 top                      *|                     { 27871.50, 27871.50, 27871.50, 27871.50, 27871.50  }
1 sway1        ---------   *|      -----          { 13350.75, 23626.00, 27815.25, 36274.50, 42391.50  }
1 all                       |-*                   { 29773.25, 30516.80, 31167.36, 31508.34, 32358.49  }
1 xpln1                 --- |*   ---              { 23681.21, 27200.85, 29353.57, 34229.90, 37330.05  }

Table 2:
                                              LOC+               AEXP-               PLEX-               RISK-             EFFORT-
                    all to all                   =                   =                   =                   =                   =
                  all to sway1                   ≠                   ≠                   ≠                   ≠                   ≠
                  all to sway2                   ≠                   ≠                   ≠                   ≠                   ≠
                sway1 to sway2                   ≠                   ≠                   ≠                   ≠                   ≠
                sway1 to xpln1                   ≠                   ≠                   ≠                   ≠                   ≠
                  sway1 to top                   ≠                   ≠                   ≠                   ≠                   ≠
                sway2 to xpln2                   ≠                   ≠                   ≠                   ≠                   ≠

Xpln Runtimes:
    xpln1:              4.73ms
    xpln2:               3.6ms

Scott-Knott for: xpln Runtimes
1 xpln2 ------     *  ---- |                     {   0.00,   0.00,   0.00,   0.00,   0.00  }
1 xpln1                 ---|     *    ----       {   0.00,   0.00,   0.00,   0.01,   0.01  }

Sampling Taxes:
                                              LOC+               AEXP-               PLEX-               RISK-             EFFORT-
    Sampling Tax (all - sway1)                 8.2                 0.3                 0.3                 2.1              3002.2
    Sampling Tax (all - sway2)              -144.3                 0.3                 0.7                 3.7              9858.6

Explanation Taxes:
                                              LOC+               AEXP-               PLEX-               RISK-             EFFORT-
     xpln1 Tax (sway1 - xpln1)               -16.7                -0.2                -0.3                -1.7             -1886.5
     xpln2 Tax (sway2 - xpln2)               138.0                -0.3                -0.7                -3.0             -5636.4


File: coc10000
Table 1:
                                              Loc+               Risk-             Effort-
                           all             1010.25                6.71            30941.02
                         sway1              1067.8                3.18            20071.24
                         xpln1             1001.16                5.94            26556.36
                         sway2             1244.63                2.05            19183.15
                         xpln2             1008.55                5.99            26273.57
                           top              1976.6                 0.1             11594.0

Scott-Knott for: Loc+
1 xpln1      *              |                     { 978.09, 982.70, 993.23, 1014.79, 1040.92  }
1 all       -*              |                     { 977.05, 1008.19, 1011.29, 1021.57, 1040.01  }
1 xpln2     -*              |                     { 983.66, 996.55, 1009.35, 1024.37, 1037.74  }
2 sway1  ---    *  -----    |                     { 897.90, 972.00, 1078.20, 1160.90, 1301.20  }
3 sway2        ------ * ----|                     { 1048.00, 1221.50, 1264.11, 1309.33, 1428.78  }
4 top                       |                   * { 1976.60, 1976.60, 1976.60, 1976.60, 1976.60  }

Scott-Knott for: Risk-
1 top    *                  |                     {   0.10,   0.10,   0.10,   0.10,   0.10  }
1 sway2  -----    * --------|                     {   0.33,   1.30,   2.00,   2.50,   4.00  }
2 sway1        -----   *   -|--------             {   1.50,   2.50,   3.00,   3.78,   5.90  }
3 xpln1                     | ------- * ---       {   4.50,   5.82,   6.07,   6.45,   7.04  }
4 xpln2                     |    --    *----      {   5.14,   5.47,   6.15,   6.52,   7.30  }
5 all                       |           - *       {   6.48,   6.66,   6.74,   6.86,   7.06  }

Scott-Knott for: Effort-
1 top         *             |                     { 11594.00, 11594.00, 11594.00, 11594.00, 11594.00  }
1 sway1     ----      *     |----------           { 10201.40, 13962.80, 19501.89, 24397.10, 34666.67  }
1 sway2      -----     *----|--------             { 10954.60, 15905.40, 20287.10, 21320.50, 32914.10  }
1 xpln2                  -- |*  -------           { 21884.89, 23672.53, 25856.39, 28543.98, 34321.92  }
1 xpln1                  -- | *---------          { 21878.18, 23545.02, 26371.82, 27007.35, 35631.58  }
1 all                       |    - *--            { 29518.54, 30099.65, 31220.24, 32046.64, 33374.38  }

Table 2:
                                              Loc+               Risk-             Effort-
                    all to all                   =                   =                   =
                  all to sway1                   ≠                   ≠                   ≠
                  all to sway2                   ≠                   ≠                   ≠
                sway1 to sway2                   ≠                   ≠                   ≠
                sway1 to xpln1                   ≠                   ≠                   ≠
                  sway1 to top                   ≠                   ≠                   ≠
                sway2 to xpln2                   ≠                   ≠                   ≠

Xpln Runtimes:
    xpln1:             11.31ms
    xpln2:             12.55ms

Scott-Knott for: xpln Runtimes
1 xpln1         --- *  ----|------------         {   0.01,   0.01,   0.01,   0.01,   0.02  }
1 xpln2      ------      * |    -----------      {   0.01,   0.01,   0.01,   0.01,   0.02  }

Sampling Taxes:
                                              Loc+               Risk-             Effort-
    Sampling Tax (all - sway1)               -57.5                 3.5             10869.8
    Sampling Tax (all - sway2)              -234.4                 4.7             11757.9

Explanation Taxes:
                                              Loc+               Risk-             Effort-
     xpln1 Tax (sway1 - xpln1)                66.6                -2.8             -6485.1
     xpln2 Tax (sway2 - xpln2)               236.1                -3.9             -7090.4


File: healthCloseIsses12mths0001-hard
Table 1:
                                              MRE-                ACC+             PRED40+
                           all               82.32                5.21               22.18
                         sway1               73.52                7.66               19.18
                         xpln1               74.68                7.46               19.05
                         sway2               73.28                7.69                24.5
                         xpln2               73.73                7.68               18.84
                           top               66.01                23.3               36.25

Scott-Knott for: MRE-
1 top    *                  |                     {  66.01,  66.01,  66.01,  66.01,  66.01  }
1 sway2                 *-  |                     {  73.00,  73.15,  73.26,  73.45,  73.75  }
1 sway1                - *- |                     {  72.83,  73.15,  73.49,  73.96,  74.45  }
1 xpln2                  *  |                     {  73.60,  73.67,  73.70,  73.76,  73.95  }
1 xpln1                   *-|------------------   {  73.60,  73.68,  73.74,  73.86,  82.98  }
2 all                       |               - *   {  81.66,  82.10,  82.47,  82.84,  82.95  }

Scott-Knott for: ACC+
1 all    *                  |                     {   5.07,   5.12,   5.17,   5.30,   5.45  }
1 sway1       *             |                     {   7.39,   7.56,   7.61,   7.76,   7.89  }
1 xpln1       *             |                     {   7.55,   7.60,   7.65,   7.70,   7.73  }
1 xpln2      -*             |                     {   7.57,   7.62,   7.65,   7.73,   7.85  }
1 sway2      -*             |                     {   7.53,   7.62,   7.68,   7.71,   7.89  }
2 top                       |                   * {  23.30,  23.30,  23.30,  23.30,  23.30  }

Scott-Knott for: PRED40+
1 xpln1        *-----       |                     {  18.19,  18.36,  18.77,  19.43,  22.31  }
1 xpln2      - *            |                     {  18.14,  18.43,  18.95,  19.19,  19.56  }
2 sway1  ---    *---------  |                     {  15.00,  17.50,  19.44,  20.00,  25.00  }
3 all              - *-     |                     {  21.31,  21.78,  22.19,  22.61,  23.00  }
4 sway2               ----* |                     {  22.50,  25.00,  25.00,  25.00,  25.00  }
5 top                       |                   * {  36.25,  36.25,  36.25,  36.25,  36.25  }

Table 2:
                                              MRE-                ACC+             PRED40+
                    all to all                   =                   =                   =
                  all to sway1                   ≠                   ≠                   ≠
                  all to sway2                   ≠                   ≠                   ≠
                sway1 to sway2                   ≠                   ≠                   ≠
                sway1 to xpln1                   ≠                   ≠                   ≠
                  sway1 to top                   ≠                   ≠                   ≠
                sway2 to xpln2                   ≠                   ≠                   ≠

Xpln Runtimes:
    xpln1:              5.67ms
    xpln2:              3.93ms

Scott-Knott for: xpln Runtimes
1 xpln2 *                  |                     {   0.00,   0.00,   0.00,   0.00,   0.00  }
1 xpln1 *                  |                     {   0.00,   0.00,   0.00,   0.00,   0.01  }

Sampling Taxes:
                                              MRE-                ACC+             PRED40+
    Sampling Tax (all - sway1)                 8.8                -2.4                 3.0
    Sampling Tax (all - sway2)                 9.0                -2.5                -2.3

Explanation Taxes:
                                              MRE-                ACC+             PRED40+
     xpln1 Tax (sway1 - xpln1)                -1.2                 0.2                 0.1
     xpln2 Tax (sway2 - xpln2)                -0.4                 0.0                 5.7


File: healthCloseIsses12mths0011-easy
Table 1:
                                              MRE-                ACC+             PRED40+
                           all               92.17               -8.57                17.6
                         sway1               33.34               -0.95               56.67
                         xpln1               41.64               -1.07               50.56
                         sway2                 2.6               -0.04                81.2
                         xpln2               35.93               -0.46               54.22
                           top                 0.0                 0.0               83.33

Scott-Knott for: MRE-
1 sway2  *-                 |                     {   0.00,   0.00,   0.00,   0.00,  11.27  }
1 top    *                  |                     {   0.00,   0.00,   0.00,   0.00,   0.00  }
2 sway1  -----    *  ---    |                     {   0.00,  20.53,  30.50,  40.69,  50.56  }
3 xpln2             *       |                     {  33.45,  35.01,  36.10,  37.26,  39.07  }
3 xpln1             *------ |                     {  34.69,  35.78,  36.77,  37.88,  58.32  }
4 all                       |        -*-          {  89.77,  90.79,  91.87,  93.29,  97.00  }

Scott-Knott for: ACC+
1 all              -*       |                     {  -8.99,  -8.58,  -8.56,  -8.38,  -8.24  }
1 xpln1                     |                 *   {  -0.51,  -0.48,  -0.47,  -0.45,  -0.41  }
1 xpln2                     |                 *   {  -0.52,  -0.48,  -0.46,  -0.43,  -0.38  }
1 sway1                     |                 *-  {  -0.53,  -0.42,  -0.38,  -0.31,   0.00  }
1 sway2                     |                  -* {  -0.19,   0.00,   0.00,   0.00,   0.00  }
1 top                       |                   * {   0.00,   0.00,   0.00,   0.00,   0.00  }

Scott-Knott for: PRED40+
1 all           *           |                     {  16.11,  16.60,  17.42,  18.33,  19.92  }
1 xpln2                     |     *               {  52.41,  52.93,  54.23,  55.21,  56.97  }
1 xpln1                     |   - *               {  51.46,  52.83,  54.23,  55.21,  56.87  }
1 sway1                     |---   *    --------  {  41.67,  50.00,  58.33,  66.67,  83.33  }
1 sway2                     |               ----* {  75.00,  83.33,  83.33,  83.33,  83.33  }
1 top                       |                   * {  83.33,  83.33,  83.33,  83.33,  83.33  }

Table 2:
                                              MRE-                ACC+             PRED40+
                    all to all                   =                   =                   =
                  all to sway1                   ≠                   ≠                   ≠
                  all to sway2                   ≠                   ≠                   ≠
                sway1 to sway2                   ≠                   ≠                   ≠
                sway1 to xpln1                   ≠                   ≠                   ≠
                  sway1 to top                   ≠                   ≠                   ≠
                sway2 to xpln2                   ≠                   ≠                   ≠

Xpln Runtimes:
    xpln1:               4.5ms
    xpln2:              3.87ms

Scott-Knott for: xpln Runtimes
1 xpln2 ----    *   -------|-                    {   0.00,   0.00,   0.00,   0.00,   0.00  }
1 xpln1                ----|-      *   ------    {   0.00,   0.00,   0.00,   0.00,   0.00  }

Sampling Taxes:
                                              MRE-                ACC+             PRED40+
    Sampling Tax (all - sway1)                58.8                -7.6               -39.1
    Sampling Tax (all - sway2)                89.6                -8.5               -63.6

Explanation Taxes:
                                              MRE-                ACC+             PRED40+
     xpln1 Tax (sway1 - xpln1)                -8.3                 0.1                 6.1
     xpln2 Tax (sway2 - xpln2)               -33.3                 0.4                27.0


File: nasa93dem
Table 1:
                                             Kloc+             Effort-            Defects-             Months-
                           all               94.02              624.41             3761.76               24.18
                         sway1                51.7               163.4             1672.38               17.41
                         xpln1               76.42              357.87             2869.25               20.72
                         sway2                7.85               30.91              280.02                9.93
                         xpln2               45.29              267.76             1695.39               16.79
                           top                 2.2                 9.2               68.67                6.43

Scott-Knott for: Kloc+
1 top    *                  |                     {   2.20,   2.20,   2.20,   2.20,   2.20  }
1 sway2  *                  |                     {   5.13,   6.70,   6.70,   7.45,   9.97  }
2 sway1  --  *       -------|--------------       {   6.70,  19.17,  26.73,  61.67, 156.67  }
3 xpln2       --*   -----   |                     {  31.52,  38.12,  40.41,  58.17,  78.62  }
4 xpln1       --      *     |------------------   {  32.16,  40.85,  66.26,  95.38, 173.33  }
5 all                       |*                    {  94.02,  94.02,  94.02,  94.02,  94.02  }

Scott-Knott for: Effort-
1 top    *                  |                     {   9.20,   9.20,   9.20,   9.20,   9.20  }
1 sway2  *                  |                     {  14.80,  23.20,  23.20,  30.60,  42.67  }
2 sway1  --  *    --------  |                     {  23.20,  81.67, 128.00, 244.00, 424.00  }
3 xpln2      ----- *  --    |                     { 140.00, 244.71, 266.44, 339.54, 375.34  }
4 xpln1      -----    *    -|--------             { 140.00, 244.71, 327.75, 452.67, 678.40  }
5 all                       |      *              { 624.41, 624.41, 624.41, 624.41, 624.41  }

Scott-Knott for: Defects-
1 top    *                  |                     {  68.67,  68.67,  68.67,  68.67,  68.67  }
1 sway2  *                  |                     { 160.00, 209.00, 209.00, 263.00, 354.00  }
2 sway1  -   *    ----------|--                   { 209.00, 620.00, 1056.33, 2063.33, 4425.00  }
3 xpln2      - *  -----     |                     { 1132.44, 1240.35, 1521.78, 2006.89, 3011.36  }
4 xpln1       ----    *   --|-------              { 1228.04, 2033.90, 2753.79, 3583.57, 5279.67  }
5 all                      *|                     { 3761.76, 3761.76, 3761.76, 3761.76, 3761.76  }

Scott-Knott for: Months-
1 top    *                  |                     {   6.43,   6.43,   6.43,   6.43,   6.43  }
1 sway2    --*------        |                     {   8.47,   9.33,   9.33,   9.50,  13.70  }
2 sway1      --------    *  |    -------------    {   9.33,  14.23,  16.30,  20.83,  27.97  }
3 xpln2              ---  *-|-----                {  13.92,  15.56,  16.91,  17.32,  21.40  }
4 xpln1               ------|     *   -------     {  14.75,  18.69,  21.04,  23.44,  27.62  }
5 all                       |          *          {  24.18,  24.18,  24.18,  24.18,  24.18  }

Table 2:
                                             Kloc+             Effort-            Defects-             Months-
                    all to all                   =                   =                   =                   =
                  all to sway1                   ≠                   ≠                   ≠                   ≠
                  all to sway2                   ≠                   ≠                   ≠                   ≠
                sway1 to sway2                   ≠                   ≠                   ≠                   ≠
                sway1 to xpln1                   ≠                   ≠                   ≠                   ≠
                  sway1 to top                   ≠                   ≠                   ≠                   ≠
                sway2 to xpln2                   ≠                   ≠                   ≠                   ≠

Xpln Runtimes:
    xpln1:              2.13ms
    xpln2:              1.57ms

Scott-Knott for: xpln Runtimes
1 xpln2   ------- * ---    |                     {   0.00,   0.00,   0.00,   0.00,   0.00  }
1 xpln1                    |-- *      ----       {   0.00,   0.00,   0.00,   0.00,   0.00  }

Sampling Taxes:
                                             Kloc+             Effort-            Defects-             Months-
    Sampling Tax (all - sway1)                42.3               461.0              2089.4                 6.8
    Sampling Tax (all - sway2)                86.2               593.5              3481.7                14.3

Explanation Taxes:
                                             Kloc+             Effort-            Defects-             Months-
     xpln1 Tax (sway1 - xpln1)               -24.7              -194.5             -1196.9                -3.3
     xpln2 Tax (sway2 - xpln2)               -37.4              -236.9             -1415.4                -6.9


File: pom
Table 1:
                                             Cost-         Completion+               Idle-
                           all              369.11                0.86                0.25
                         sway1              245.17                0.86                 0.2
                         xpln1              348.78                0.86                0.23
                         sway2              142.08                0.86                0.18
                         xpln2              323.84                0.87                0.24
                           top              100.77                 1.0                 0.0

Scott-Knott for: Cost-
1 top    *                  |                     { 100.77, 100.77, 100.77, 100.77, 100.77  }
1 sway2  -*-----            |                     { 120.53, 130.88, 135.73, 144.38, 198.45  }
2 sway1     ---     * ----  |                     { 156.33, 190.29, 248.65, 275.26, 325.08  }
3 xpln2                -*   | -                   { 287.58, 293.05, 297.16, 363.21, 384.42  }
4 all                       |-*                   { 359.90, 365.37, 368.88, 374.51, 383.97  }
4 xpln1                -    |  * --               { 284.95, 296.78, 377.87, 401.56, 428.31  }

Scott-Knott for: Completion+
1 sway2              ---  * |-----                {   0.83,   0.85,   0.86,   0.88,   0.91  }
1 xpln1                   * |                     {   0.86,   0.86,   0.86,   0.87,   0.88  }
2 all                       *                     {   0.86,   0.86,   0.87,   0.87,   0.87  }
2 xpln2                     *                     {   0.86,   0.86,   0.87,   0.87,   0.87  }
3 sway1           --------  |*  ---               {   0.81,   0.86,   0.88,   0.90,   0.92  }
4 top                       |                   * {   1.00,   1.00,   1.00,   1.00,   1.00  }

Scott-Knott for: Idle-
1 top    *                  |                     {   0.00,   0.00,   0.00,   0.00,   0.00  }
1 sway2               --    *------               {   0.13,   0.15,   0.18,   0.19,   0.25  }
1 sway1               ----  |*     -------        {   0.13,   0.17,   0.19,   0.25,   0.31  }
1 xpln1                     |    -*-              {   0.23,   0.24,   0.24,   0.25,   0.26  }
1 xpln2                     |    -*               {   0.23,   0.24,   0.24,   0.24,   0.25  }
1 all                       |      *              {   0.24,   0.24,   0.25,   0.25,   0.26  }

Table 2:
                                             Cost-         Completion+               Idle-
                    all to all                   =                   =                   =
                  all to sway1                   ≠                   ≠                   ≠
                  all to sway2                   ≠                   ≠                   ≠
                sway1 to sway2                   ≠                   ≠                   ≠
                sway1 to xpln1                   ≠                   ≠                   ≠
                  sway1 to top                   ≠                   ≠                   ≠
                sway2 to xpln2                   ≠                   ≠                   ≠

Xpln Runtimes:
    xpln1:              6.96ms
    xpln2:              4.03ms

Scott-Knott for: xpln Runtimes
1 xpln2  -* ------         |                     {   0.00,   0.00,   0.00,   0.00,   0.01  }
1 xpln1            ---     *        --------     {   0.01,   0.01,   0.01,   0.01,   0.01  }

Sampling Taxes:
                                             Cost-         Completion+               Idle-
    Sampling Tax (all - sway1)               123.9                 0.0                 0.0
    Sampling Tax (all - sway2)               227.0                 0.0                 0.1

Explanation Taxes:
                                             Cost-         Completion+               Idle-
     xpln1 Tax (sway1 - xpln1)              -103.6                 0.0                -0.0
     xpln2 Tax (sway2 - xpln2)              -181.8                -0.0                -0.1


File: SSM
Table 1:
                                 NUMBERITERATIONS-     TIMETOSOLUTION-
                           all               33.06              512.96
                         sway1                 4.7              108.79
                         xpln1               10.49              204.87
                         sway2                4.26               97.87
                         xpln2               14.84              247.92
                           top                 3.0               42.44

Scott-Knott for: NUMBERITERATIONS-
1 top    *                  |                     {   3.00,   3.00,   3.00,   3.00,   3.00  }
1 sway2  *                  |                     {   4.00,   4.00,   4.14,   4.40,   5.00  }
1 sway1  *                  |                     {   4.00,   4.20,   4.43,   5.00,   5.29  }
2 xpln2  *                  |                     {   5.60,   6.46,   7.32,   8.24,  13.39  }
3 xpln1  *--                |                     {   5.49,   6.90,   8.84,   9.99,  20.96  }
4 all           *           |                     {  29.60,  31.13,  33.11,  34.54,  39.09  }

Scott-Knott for: TIMETOSOLUTION-
1 top    *                  |                     {  42.44,  42.44,  42.44,  42.44,  42.44  }
1 sway1  *                  |                     {  81.00,  88.64,  96.60, 119.89, 169.98  }
1 sway2  *                  |                     {  77.91,  94.48, 100.59, 106.76, 114.79  }
2 xpln2   *-                |                     { 106.01, 119.97, 165.95, 173.92, 246.14  }
2 xpln1  -*------           |                     {  99.27, 148.98, 184.35, 190.24, 525.47  }
3 all          - *-         |                     { 427.60, 473.95, 527.55, 539.23, 608.86  }

Table 2:
                                 NUMBERITERATIONS-     TIMETOSOLUTION-
                    all to all                   =                   =
                  all to sway1                   ≠                   ≠
                  all to sway2                   ≠                   ≠
                sway1 to sway2                   ≠                   ≠
                sway1 to xpln1                   ≠                   ≠
                  sway1 to top                   ≠                   ≠
                sway2 to xpln2                   ≠                   ≠

Xpln Runtimes:
    xpln1:               7.4ms
    xpln2:              6.18ms

Scott-Knott for: xpln Runtimes
1 xpln2    --    *-------- |                     {   0.01,   0.01,   0.01,   0.01,   0.01  }
1 xpln1                 ---|-   *     -------    {   0.01,   0.01,   0.01,   0.01,   0.01  }

Sampling Taxes:
                                 NUMBERITERATIONS-     TIMETOSOLUTION-
    Sampling Tax (all - sway1)                28.4               404.2
    Sampling Tax (all - sway2)                28.8               415.1

Explanation Taxes:
                                 NUMBERITERATIONS-     TIMETOSOLUTION-
     xpln1 Tax (sway1 - xpln1)                -5.8               -96.1
     xpln2 Tax (sway2 - xpln2)               -10.6              -150.1


File: SSN
Table 1:
                                             PSNR-             Energy-
                           all               44.43             1673.84
                         sway1               43.92             1054.87
                         xpln1               44.19             1400.82
                         sway2               42.86              649.59
                         xpln2               43.72             1267.59
                           top               20.33              249.51

Scott-Knott for: PSNR-
1 top    *                  |                     {  20.33,  20.33,  20.33,  20.33,  20.33  }
1 xpln2                     |              *      {  43.54,  43.68,  43.82,  44.02,  44.14  }
1 xpln1                     |               *--   {  43.52,  43.75,  43.96,  44.21,  46.33  }
1 sway1                     |           --  *     {  41.95,  43.22,  44.09,  45.42,  45.70  }
1 sway2                     |       -----   *     {  39.15,  42.23,  44.14,  44.70,  44.96  }
1 all                       |               *     {  44.03,  44.38,  44.47,  44.62,  44.77  }

Scott-Knott for: Energy-
1 top    *                  |                     { 249.51, 249.51, 249.51, 249.51, 249.51  }
1 sway2    - *      ------  |                     { 436.96, 458.42, 526.43, 844.19, 1150.43  }
2 sway1      ------      *  |  ------             { 526.41, 774.52, 1086.05, 1351.03, 1643.48  }
3 xpln2                 --- |*  --                { 1017.49, 1164.09, 1254.70, 1405.55, 1523.80  }
4 xpln1                ---- |   *--------------   { 1008.27, 1186.73, 1425.25, 1484.72, 2125.95  }
5 all                       |         *           { 1608.97, 1629.68, 1682.43, 1734.12, 1751.24  }

Table 2:
                                             PSNR-             Energy-
                    all to all                   =                   =
                  all to sway1                   ≠                   ≠
                  all to sway2                   ≠                   ≠
                sway1 to sway2                   ≠                   ≠
                sway1 to xpln1                   ≠                   ≠
                  sway1 to top                   ≠                   ≠
                sway2 to xpln2                   ≠                   ≠

Xpln Runtimes:
    xpln1:              8.33ms
    xpln2:               8.5ms

Scott-Knott for: xpln Runtimes
1 xpln2 -* ----------------|-------------        {   0.01,   0.01,   0.01,   0.01,   0.02  }
1 xpln1    * ---------     |                     {   0.01,   0.01,   0.01,   0.01,   0.01  }

Sampling Taxes:
                                             PSNR-             Energy-
    Sampling Tax (all - sway1)                 0.5               619.0
    Sampling Tax (all - sway2)                 1.6              1024.3

Explanation Taxes:
                                             PSNR-             Energy-
     xpln1 Tax (sway1 - xpln1)                -0.3              -345.9
     xpln2 Tax (sway2 - xpln2)                -0.9              -618.0


