File: auto2
Table 1:
                                          CityMPG+         HighwayMPG+             Weight-              Class-
                           all               22.37               29.09              3072.9               19.51
                         sway1               31.67               36.98              2198.1                9.34
                         xpln1               30.13               35.66             2297.23               10.77
                         sway2               33.14                38.1             2131.92                9.27
                         xpln2               30.86               36.18              2243.9               10.07
                           top               37.17               42.33             2076.67                9.38

Scott-Knott for: CityMPG+
1 all    *                  |                     {  22.37,  22.37,  22.37,  22.37,  22.37  }
1 xpln1                   --*------------         {  29.25,  29.25,  29.25,  29.25,  29.25  }
1 xpln2                     *      ----           {  29.86,  29.86,  29.86,  29.86,  29.86  }
1 sway1               ------|-      * ---         {  27.67,  27.67,  27.67,  27.67,  27.67  }
1 sway2                     |    --- *--          {  31.83,  31.83,  31.83,  31.83,  31.83  }
1 top                       |                   * {  37.17,  37.17,  37.17,  37.17,  37.17  }

Scott-Knott for: HighwayMPG+
1 all    *                  |                     {  29.09,  29.09,  29.09,  29.09,  29.09  }
1 xpln1                    *|---------            {  35.48,  35.48,  35.48,  35.48,  35.48  }
1 xpln2                  --*|    ----             {  35.00,  35.00,  35.00,  35.00,  35.00  }
1 sway1                 ----|    * ----           {  34.50,  34.50,  34.50,  34.50,  34.50  }
1 sway2                     |  --  *---           {  36.83,  36.83,  36.83,  36.83,  36.83  }
1 top                       |                   * {  42.33,  42.33,  42.33,  42.33,  42.33  }

Scott-Knott for: Weight-
1 top       *               |                     { 2076.67, 2076.67, 2076.67, 2076.67, 2076.67  }
1 sway2     - *---          |                     { 2081.67, 2081.67, 2081.67, 2081.67, 2081.67  }
2 sway1    --   *  -----    |                     { 2057.50, 2057.50, 2057.50, 2057.50, 2057.50  }
3 xpln1         -----*      |                     { 2187.08, 2187.08, 2187.08, 2187.08, 2187.08  }
3 xpln2   ----       *      |                     { 2022.50, 2022.50, 2022.50, 2022.50, 2022.50  }
4 all                       |                   * { 3072.90, 3072.90, 3072.90, 3072.90, 3072.90  }

Scott-Knott for: Class-
1 sway2   -*------          |                     {   8.75,   8.75,   8.75,   8.75,   8.75  }
1 sway1   - * -             |                     {   8.62,   8.62,   8.62,   8.62,   8.62  }
1 top       *               |                     {   9.38,   9.38,   9.38,   9.38,   9.38  }
2 xpln1       -*-----       |                     {   9.96,   9.96,   9.96,   9.96,   9.96  }
2 xpln2  ---   *---         |                     {   8.41,   8.41,   8.41,   8.41,   8.41  }
3 all                       |               *     {  19.51,  19.51,  19.51,  19.51,  19.51  }

Table 2:
                                          CityMPG+         HighwayMPG+             Weight-              Class-
                    all to all                   =                   =                   =                   =
                  all to sway1                   ≠                   ≠                   ≠                   ≠
                  all to sway2                   ≠                   ≠                   ≠                   ≠
                sway1 to sway2                   ≠                   ≠                   ≠                   ≠
                sway1 to xpln1                   ≠                   ≠                   ≠                   ≠
                  sway1 to top                   ≠                   ≠                   ≠                   ≠
                sway2 to xpln2                   ≠                   ≠                   ≠                   ≠

Xpln Runtimes:
    xpln1:              4.44ms
    xpln2:              3.71ms

Sampling Taxes:
                                          CityMPG+         HighwayMPG+             Weight-              Class-
    Sampling Tax (all - sway1)                -9.3                -7.9               874.8                10.2
    Sampling Tax (all - sway2)               -10.8                -9.0               941.0                10.2

Explanation Taxes:
                                          CityMPG+         HighwayMPG+             Weight-              Class-
     xpln1 Tax (sway1 - xpln1)                 1.5                 1.3               -99.1                -1.4
     xpln2 Tax (sway2 - xpln2)                 2.3                 1.9              -112.0                -0.8


File: auto93
Table 1:
                                              Lbs-                Acc+                Mpg+
                           all             2970.42               15.57               23.84
                         sway1              2159.9               16.97               30.53
                         xpln1             2332.09               16.64               29.12
                         sway2             2038.04               16.71               35.88
                         xpln2             2211.02               16.19               31.58
                           top             2005.08               19.81               40.77

Scott-Knott for: Lbs-
1 top     *                 |                     { 2005.08, 2005.08, 2005.08, 2005.08, 2005.08  }
1 sway2    *--              |                     { 1999.33, 1999.33, 1999.33, 1999.33, 1999.33  }
2 sway1   ----  *  ---      |                     { 2003.08, 2003.08, 2003.08, 2003.08, 2003.08  }
3 xpln2           *         |                     { 2210.71, 2210.71, 2210.71, 2210.71, 2210.71  }
4 xpln1                *  --|                     { 2218.08, 2218.08, 2218.08, 2218.08, 2218.08  }
5 all                       |                   * { 2970.42, 2970.42, 2970.42, 2970.42, 2970.42  }

Scott-Knott for: Acc+
1 all                 *     |                     {  15.57,  15.57,  15.57,  15.57,  15.57  }
1 xpln2                  *  |                     {  16.09,  16.09,  16.09,  16.09,  16.09  }
1 xpln1                --   |*  -------           {  15.77,  15.77,  15.77,  15.77,  15.77  }
1 sway2                   --|*--                  {  16.33,  16.33,  16.33,  16.33,  16.33  }
1 sway1                   --|*  -----             {  16.33,  16.33,  16.33,  16.33,  16.33  }
2 top                       |                   * {  19.81,  19.81,  19.81,  19.81,  19.81  }

Scott-Knott for: Mpg+
1 all          *            |                     {  23.84,  23.84,  23.84,  23.84,  23.84  }
1 xpln1          ------- * -|-------              {  25.00,  25.00,  25.00,  25.00,  25.00  }
1 xpln2                    *|                     {  30.13,  30.13,  30.13,  30.13,  30.13  }
1 sway1          -------   *|        -            {  25.00,  25.00,  25.00,  25.00,  25.00  }
2 sway2                     |       - * -         {  34.62,  34.62,  34.62,  34.62,  34.62  }
3 top                       |                   * {  40.77,  40.77,  40.77,  40.77,  40.77  }

Table 2:
                                              Lbs-                Acc+                Mpg+
                    all to all                   =                   =                   =
                  all to sway1                   ≠                   ≠                   ≠
                  all to sway2                   ≠                   ≠                   ≠
                sway1 to sway2                   ≠                   ≠                   ≠
                sway1 to xpln1                   ≠                   ≠                   ≠
                  sway1 to top                   ≠                   ≠                   ≠
                sway2 to xpln2                   ≠                   ≠                   ≠

Xpln Runtimes:
    xpln1:              1.15ms
    xpln2:              1.28ms

Sampling Taxes:
                                              Lbs-                Acc+                Mpg+
    Sampling Tax (all - sway1)               810.5                -1.4                -6.7
    Sampling Tax (all - sway2)               932.4                -1.1               -12.0

Explanation Taxes:
                                              Lbs-                Acc+                Mpg+
     xpln1 Tax (sway1 - xpln1)              -172.2                 0.3                 1.4
     xpln2 Tax (sway2 - xpln2)              -173.0                 0.5                 4.3


File: china
Table 1:
                                         N_effort-
                           all             4277.64
                         sway1              687.13
                         xpln1             2484.26
                         sway2              393.64
                         xpln2             1383.49
                           top              147.56

Scott-Knott for: N_effort-
1 top    *                  |                     { 147.56, 147.56, 147.56, 147.56, 147.56  }
1 sway2  *                  |                     { 306.44, 306.44, 306.44, 306.44, 306.44  }
1 sway1  *-----             |                     { 344.31, 344.31, 344.31, 344.31, 344.31  }
2 xpln2  ---*  ---          |                     { 562.42, 562.42, 562.42, 562.42, 562.42  }
3 xpln1   --   *  ----------|-------------------  { 772.03, 772.03, 772.03, 772.03, 772.03  }
4 all                     * |                     { 4277.64, 4277.64, 4277.64, 4277.64, 4277.64  }

Table 2:
                                         N_effort-
                    all to all                   =
                  all to sway1                   ≠
                  all to sway2                   ≠
                sway1 to sway2                   ≠
                sway1 to xpln1                   ≠
                  sway1 to top                   ≠
                sway2 to xpln2                   ≠

Xpln Runtimes:
    xpln1:              5.02ms
    xpln2:              4.22ms

Sampling Taxes:
                                         N_effort-
    Sampling Tax (all - sway1)              3590.5
    Sampling Tax (all - sway2)              3884.0

Explanation Taxes:
                                         N_effort-
     xpln1 Tax (sway1 - xpln1)             -1797.1
     xpln2 Tax (sway2 - xpln2)              -989.9


File: coc1000
Table 1:
                                              LOC+               AEXP-               PLEX-               RISK-             EFFORT-
                           all             1011.78                2.97                3.04                6.66            30923.04
                         sway1             1029.64                2.96                2.98                5.17            27703.54
                         xpln1              981.55                2.97                3.04                 6.7            29600.32
                         sway2             1056.82                2.81                2.91                 3.7            22305.61
                         xpln2              980.36                2.97                3.05                6.26            27043.78
                           top             1591.69                1.62                1.31                4.94            35220.62

Scott-Knott for: LOC+
1 xpln1           -* --     |                     { 951.37, 951.37, 951.37, 951.37, 951.37  }
1 xpln2            *-       |                     { 951.37, 951.37, 951.37, 951.37, 951.37  }
2 sway1         --  *    ---|-                    { 909.97, 909.97, 909.97, 909.97, 909.97  }
3 all               *-      |                     { 995.64, 995.64, 995.64, 995.64, 995.64  }
4 sway2            --  * ---|                     { 978.19, 978.19, 978.19, 978.19, 978.19  }
5 top                       |                   * { 1591.69, 1591.69, 1591.69, 1591.69, 1591.69  }

Scott-Knott for: AEXP-
1 top    *                  |                     {   1.62,   1.62,   1.62,   1.62,   1.62  }
1 sway2                     | --  *  --           {   2.62,   2.62,   2.62,   2.62,   2.62  }
1 xpln1                     |         *--         {   2.93,   2.93,   2.93,   2.93,   2.93  }
1 sway1                     |   -   *    ------   {   2.71,   2.71,   2.71,   2.71,   2.71  }
1 xpln2                     |        -*           {   2.93,   2.93,   2.93,   2.93,   2.93  }
1 all                       |        -*-          {   2.92,   2.92,   2.92,   2.92,   2.92  }

Scott-Knott for: PLEX-
1 top    *                  |                     {   1.31,   1.31,   1.31,   1.31,   1.31  }
1 sway2                     |     ---- *---       {   2.71,   2.71,   2.71,   2.71,   2.71  }
1 all                       |           -*        {   3.00,   3.00,   3.00,   3.00,   3.00  }
1 sway1                     |       --   *---     {   2.77,   2.77,   2.77,   2.77,   2.77  }
1 xpln1                     |          - *        {   2.96,   2.96,   2.96,   2.96,   2.96  }
1 xpln2                     |          - *        {   2.96,   2.96,   2.96,   2.96,   2.96  }

Scott-Knott for: RISK-
1 sway2  -------     *----  |                     {   1.81,   1.81,   1.81,   1.81,   1.81  }
1 top                   *   |                     {   4.94,   4.94,   4.94,   4.94,   4.94  }
2 sway1       ------      * |     ---             {   2.81,   2.81,   2.81,   2.81,   2.81  }
3 xpln2                     |  *-                 {   5.59,   5.59,   5.59,   5.59,   5.59  }
4 xpln1                    -|   *   ----------    {   5.49,   5.49,   5.49,   5.49,   5.49  }
5 all                       |  -*                 {   6.41,   6.41,   6.41,   6.41,   6.41  }

Scott-Knott for: EFFORT-
1 sway2     ---    * -----  |                     { 16592.69, 16592.69, 16592.69, 16592.69, 16592.69  }
1 xpln2              *     -|-----                { 20163.71, 20163.71, 20163.71, 20163.71, 20163.71  }
2 sway1     ------       * -|---------            { 16674.55, 16674.55, 16674.55, 16674.55, 16674.55  }
3 all                     -*|                     { 29773.25, 29773.25, 29773.25, 29773.25, 29773.25  }
4 xpln1        --------     | * --                { 20163.71, 20163.71, 20163.71, 20163.71, 20163.71  }
5 top                       |   *                 { 35220.62, 35220.62, 35220.62, 35220.62, 35220.62  }

Table 2:
                                              LOC+               AEXP-               PLEX-               RISK-             EFFORT-
                    all to all                   =                   =                   =                   =                   =
                  all to sway1                   ≠                   ≠                   ≠                   ≠                   ≠
                  all to sway2                   ≠                   ≠                   ≠                   ≠                   ≠
                sway1 to sway2                   ≠                   ≠                   ≠                   ≠                   ≠
                sway1 to xpln1                   ≠                   ≠                   ≠                   ≠                   ≠
                  sway1 to top                   ≠                   ≠                   ≠                   ≠                   ≠
                sway2 to xpln2                   ≠                   ≠                   ≠                   ≠                   ≠

Xpln Runtimes:
    xpln1:              9.77ms
    xpln2:               4.0ms

Sampling Taxes:
                                              LOC+               AEXP-               PLEX-               RISK-             EFFORT-
    Sampling Tax (all - sway1)               -17.9                 0.0                 0.1                 1.5              3219.5
    Sampling Tax (all - sway2)               -45.0                 0.2                 0.1                 3.0              8617.4

Explanation Taxes:
                                              LOC+               AEXP-               PLEX-               RISK-             EFFORT-
     xpln1 Tax (sway1 - xpln1)                48.1                -0.0                -0.1                -1.5             -1896.8
     xpln2 Tax (sway2 - xpln2)                76.5                -0.2                -0.1                -2.6             -4738.2


File: coc10000
Table 1:
                                              Loc+               Risk-             Effort-
                           all             1010.25                6.71            30941.02
                         sway1             1001.19                4.25            19942.24
                         xpln1             1046.01                6.93            34715.43
                         sway2             1058.32                2.72            18544.89
                         xpln2             1012.72                6.07             25171.0
                           top             1941.94                 0.4            19642.31

Scott-Knott for: Loc+
1 sway1    -  *----         |                     { 915.08, 915.08, 915.08, 915.08, 915.08  }
1 all        -*             |                     { 977.05, 977.05, 977.05, 977.05, 977.05  }
1 xpln2       *             |                     { 996.58, 996.58, 996.58, 996.58, 996.58  }
1 xpln1      -*---          |                     { 983.02, 983.02, 983.02, 983.02, 983.02  }
2 sway2      -- *-          |                     { 973.12, 973.12, 973.12, 973.12, 973.12  }
3 top                       |                   * { 1941.94, 1941.94, 1941.94, 1941.94, 1941.94  }

Scott-Knott for: Risk-
1 top    *                  |                     {   0.40,   0.40,   0.40,   0.40,   0.40  }
1 sway2       --  * ----    |                     {   1.81,   1.81,   1.81,   1.81,   1.81  }
1 sway1         ---     *   |--------             {   2.33,   2.33,   2.33,   2.33,   2.33  }
1 xpln2                     |  -*---              {   5.73,   5.73,   5.73,   5.73,   5.73  }
1 all                       |     -*-             {   6.48,   6.48,   6.48,   6.48,   6.48  }
1 xpln1                     |  --  *   ----       {   5.83,   5.83,   5.83,   5.83,   5.83  }

Scott-Knott for: Effort-
1 sway2  *--                |                     { 12996.71, 12996.71, 12996.71, 12996.71, 12996.71  }
1 top     *                 |                     { 19642.31, 19642.31, 19642.31, 19642.31, 19642.31  }
1 sway1   *-                |                     { 14460.96, 14460.96, 14460.96, 14460.96, 14460.96  }
2 xpln2    *--              |                     { 22980.38, 22980.38, 22980.38, 22980.38, 22980.38  }
3 xpln1     *  -            |                     { 23251.36, 23251.36, 23251.36, 23251.36, 23251.36  }
4 all        *              |                     { 29518.54, 29518.54, 29518.54, 29518.54, 29518.54  }

Table 2:
                                              Loc+               Risk-             Effort-
                    all to all                   =                   =                   =
                  all to sway1                   ≠                   ≠                   ≠
                  all to sway2                   ≠                   ≠                   ≠
                sway1 to sway2                   ≠                   ≠                   ≠
                sway1 to xpln1                   ≠                   ≠                   ≠
                  sway1 to top                   ≠                   ≠                   ≠
                sway2 to xpln2                   ≠                   ≠                   ≠

Xpln Runtimes:
    xpln1:             31.81ms
    xpln2:             12.65ms

Sampling Taxes:
                                              Loc+               Risk-             Effort-
    Sampling Tax (all - sway1)                 9.1                 2.5             10998.8
    Sampling Tax (all - sway2)               -48.1                 4.0             12396.1

Explanation Taxes:
                                              Loc+               Risk-             Effort-
     xpln1 Tax (sway1 - xpln1)               -44.8                -2.7            -14773.2
     xpln2 Tax (sway2 - xpln2)                45.6                -3.4             -6626.1


File: healthCloseIsses12mths0001-hard
Table 1:
                                              MRE-                ACC+             PRED40+
                           all               82.32                5.21               22.18
                         sway1               73.72                7.83               18.76
                         xpln1               73.74                 7.7                18.8
                         sway2               73.59                7.58               21.83
                         xpln2               73.75                7.66               18.79
                           top               65.57               13.92               28.04

Scott-Knott for: MRE-
1 top    *                  |                     {  65.57,  65.57,  65.57,  65.57,  65.57  }
1 sway2                  -* |                     {  73.31,  73.31,  73.31,  73.31,  73.31  }
1 xpln2                   * |                     {  73.68,  73.68,  73.68,  73.68,  73.68  }
1 xpln1                   * |                     {  73.62,  73.62,  73.62,  73.62,  73.62  }
1 sway1                  -* |                     {  73.38,  73.38,  73.38,  73.38,  73.38  }
2 all                       |               - *   {  81.66,  81.66,  81.66,  81.66,  81.66  }

Scott-Knott for: ACC+
1 all    *                  |                     {   5.07,   5.07,   5.07,   5.07,   5.07  }
1 sway2            *        |                     {   7.53,   7.53,   7.53,   7.53,   7.53  }
1 sway1            *------  |                     {   7.51,   7.51,   7.51,   7.51,   7.51  }
1 xpln2            -*       |                     {   7.58,   7.58,   7.58,   7.58,   7.58  }
1 xpln1            -*       |                     {   7.60,   7.60,   7.60,   7.60,   7.60  }
2 top                       |                   * {  13.92,  13.92,  13.92,  13.92,  13.92  }

Scott-Knott for: PRED40+
1 xpln1           -*-       |                     {  18.55,  18.55,  18.55,  18.55,  18.55  }
1 xpln2            *-       |                     {  18.41,  18.41,  18.41,  18.41,  18.41  }
2 sway1   ------    *   -   |                     {  16.03,  16.03,  16.03,  16.03,  16.03  }
3 sway2                   - * --                  {  21.15,  21.15,  21.15,  21.15,  21.15  }
4 all                      -|* -                  {  21.31,  21.31,  21.31,  21.31,  21.31  }
5 top                       |                   * {  28.04,  28.04,  28.04,  28.04,  28.04  }

Table 2:
                                              MRE-                ACC+             PRED40+
                    all to all                   =                   =                   =
                  all to sway1                   ≠                   ≠                   ≠
                  all to sway2                   ≠                   ≠                   ≠
                sway1 to sway2                   ≠                   ≠                   ≠
                sway1 to xpln1                   ≠                   ≠                   ≠
                  sway1 to top                   ≠                   ≠                   ≠
                sway2 to xpln2                   ≠                   ≠                   ≠

Xpln Runtimes:
    xpln1:              8.29ms
    xpln2:              4.08ms

Sampling Taxes:
                                              MRE-                ACC+             PRED40+
    Sampling Tax (all - sway1)                 8.6                -2.6                 3.4
    Sampling Tax (all - sway2)                 8.7                -2.4                 0.4

Explanation Taxes:
                                              MRE-                ACC+             PRED40+
     xpln1 Tax (sway1 - xpln1)                -0.0                 0.1                -0.0
     xpln2 Tax (sway2 - xpln2)                -0.2                -0.1                 3.0


File: healthCloseIsses12mths0011-easy
Table 1:
                                              MRE-                ACC+             PRED40+
                           all               92.17               -8.57                17.6
                         sway1               40.38               -1.06               50.95
                         xpln1               40.39               -1.07               50.67
                         sway2               12.44               -0.31               73.27
                         xpln2               36.46               -0.46               53.38
                           top                 0.0                 0.0               83.33

Scott-Knott for: MRE-
1 top    *                  |                     {   0.00,   0.00,   0.00,   0.00,   0.00  }
1 sway2   - *-              |                     {   6.66,   6.66,   6.66,   6.66,   6.66  }
1 xpln1             *       |                     {  34.36,  34.36,  34.36,  34.36,  34.36  }
1 xpln2             *       |                     {  33.69,  33.69,  33.69,  33.69,  33.69  }
1 sway1     -----    *   -- |                     {  14.20,  14.20,  14.20,  14.20,  14.20  }
2 all                       |        -*-          {  89.77,  89.77,  89.77,  89.77,  89.77  }

Scott-Knott for: ACC+
1 all              -*       |                     {  -8.99,  -8.99,  -8.99,  -8.99,  -8.99  }
1 xpln1                     |                 *   {  -0.53,  -0.53,  -0.53,  -0.53,  -0.53  }
1 xpln2                     |                 *   {  -0.50,  -0.50,  -0.50,  -0.50,  -0.50  }
1 sway1                     |                -*   {  -0.64,  -0.64,  -0.64,  -0.64,  -0.64  }
1 sway2                     |                  *  {  -0.43,  -0.43,  -0.43,  -0.43,  -0.43  }
1 top                       |                   * {   0.00,   0.00,   0.00,   0.00,   0.00  }

Scott-Knott for: PRED40+
1 all           *           |                     {  16.11,  16.11,  16.11,  16.11,  16.11  }
1 sway1                  ---|   *   ------        {  37.39,  37.39,  37.39,  37.39,  37.39  }
1 xpln1                     |   -*                {  50.91,  50.91,  50.91,  50.91,  50.91  }
1 xpln2                     |   -*-               {  51.27,  51.27,  51.27,  51.27,  51.27  }
1 sway2                     |              *--    {  69.62,  69.62,  69.62,  69.62,  69.62  }
1 top                       |                   * {  83.33,  83.33,  83.33,  83.33,  83.33  }

Table 2:
                                              MRE-                ACC+             PRED40+
                    all to all                   =                   =                   =
                  all to sway1                   ≠                   ≠                   ≠
                  all to sway2                   ≠                   ≠                   ≠
                sway1 to sway2                   ≠                   ≠                   ≠
                sway1 to xpln1                   ≠                   ≠                   ≠
                  sway1 to top                   ≠                   ≠                   ≠
                sway2 to xpln2                   ≠                   ≠                   ≠

Xpln Runtimes:
    xpln1:               7.8ms
    xpln2:              4.08ms

Sampling Taxes:
                                              MRE-                ACC+             PRED40+
    Sampling Tax (all - sway1)                51.8                -7.5               -33.4
    Sampling Tax (all - sway2)                79.7                -8.3               -55.7

Explanation Taxes:
                                              MRE-                ACC+             PRED40+
     xpln1 Tax (sway1 - xpln1)                -0.0                 0.0                 0.3
     xpln2 Tax (sway2 - xpln2)               -24.0                 0.2                19.9


File: nasa93dem
Table 1:
                                             Kloc+             Effort-            Defects-             Months-
                           all               94.02              624.41             3761.76               24.18
                         sway1               65.84              269.67             2356.28               19.28
                         xpln1                69.7              314.42             2567.97               20.29
                         sway2               20.84               97.77               674.6               12.62
                         xpln2                33.5              198.12             1190.34                14.9
                           top                 4.3                16.8              134.33                8.07

Scott-Knott for: Kloc+
1 top    *                  |                     {   4.30,   4.30,   4.30,   4.30,   4.30  }
1 sway2  * ------           |                     {   9.32,   9.32,   9.32,   9.32,   9.32  }
2 xpln2   -- *----          |                     {  19.67,  19.67,  19.67,  19.67,  19.67  }
3 sway1  ---   *        ----|-------              {  13.05,  13.05,  13.05,  13.05,  13.05  }
4 xpln1      --  *       ---|---                  {  32.16,  32.16,  32.16,  32.16,  32.16  }
5 all                   *   |                     {  94.02,  94.02,  94.02,  94.02,  94.02  }

Scott-Knott for: Effort-
1 top    *                  |                     {  16.80,  16.80,  16.80,  16.80,  16.80  }
1 sway2   * ------          |                     {  56.00,  56.00,  56.00,  56.00,  56.00  }
2 sway1   ---- *            | -----------         {  56.00,  56.00,  56.00,  56.00,  56.00  }
3 xpln2    ---    * --------|                     {  87.73,  87.73,  87.73,  87.73,  87.73  }
4 xpln1        ----    *   -|-----                { 156.36, 156.36, 156.36, 156.36, 156.36  }
5 all                       |            *        { 624.41, 624.41, 624.41, 624.41, 624.41  }

Scott-Knott for: Defects-
1 top    *                  |                     { 134.33, 134.33, 134.33, 134.33, 134.33  }
1 sway2  * -----            |                     { 407.00, 407.00, 407.00, 407.00, 407.00  }
2 xpln2   ---*-----         |                     { 613.33, 613.33, 613.33, 613.33, 613.33  }
3 sway1  ----  *        ----|-----------------    { 407.00, 407.00, 407.00, 407.00, 407.00  }
4 xpln1      --     *   ----|-------------        { 1108.94, 1108.94, 1108.94, 1108.94, 1108.94  }
5 all                       *                     { 3761.76, 3761.76, 3761.76, 3761.76, 3761.76  }

Scott-Knott for: Months-
1 top    *                  |                     {   8.07,   8.07,   8.07,   8.07,   8.07  }
1 sway2      *   ------     |                     {  11.40,  11.40,  11.40,  11.40,  11.40  }
2 xpln2        -- * -----   |                     {  12.38,  12.38,  12.38,  12.38,  12.38  }
3 sway1      --------  *    |    ---------        {  11.40,  11.40,  11.40,  11.40,  11.40  }
4 xpln1          -------    |*   -----            {  14.01,  14.01,  14.01,  14.01,  14.01  }
5 all                       |      *              {  24.18,  24.18,  24.18,  24.18,  24.18  }

Table 2:
                                             Kloc+             Effort-            Defects-             Months-
                    all to all                   =                   =                   =                   =
                  all to sway1                   ≠                   ≠                   ≠                   ≠
                  all to sway2                   ≠                   ≠                   ≠                   ≠
                sway1 to sway2                   ≠                   ≠                   ≠                   ≠
                sway1 to xpln1                   ≠                   ≠                   ≠                   ≠
                  sway1 to top                   ≠                   ≠                   ≠                   ≠
                sway2 to xpln2                   ≠                   ≠                   ≠                   ≠

Xpln Runtimes:
    xpln1:              1.53ms
    xpln2:              1.14ms

Sampling Taxes:
                                             Kloc+             Effort-            Defects-             Months-
    Sampling Tax (all - sway1)                28.2               354.7              1405.5                 4.9
    Sampling Tax (all - sway2)                73.2               526.6              3087.2                11.6

Explanation Taxes:
                                             Kloc+             Effort-            Defects-             Months-
     xpln1 Tax (sway1 - xpln1)                -3.9               -44.8              -211.7                -1.0
     xpln2 Tax (sway2 - xpln2)               -12.7              -100.3              -515.7                -2.3


File: pom
Table 1:
                                             Cost-         Completion+               Idle-
                           all              369.11                0.86                0.25
                         sway1              267.88                0.87                0.24
                         xpln1              372.68                0.87                0.25
                         sway2              154.64                0.86                0.24
                         xpln2              328.08                0.87                0.24
                           top               149.2                0.96                 0.0

Scott-Knott for: Cost-
1 top    *                  |                     { 149.20, 149.20, 149.20, 149.20, 149.20  }
1 sway2   *                 |                     { 143.54, 143.54, 143.54, 143.54, 143.54  }
2 sway1    ---       *      |-----                { 169.88, 169.88, 169.88, 169.88, 169.88  }
3 xpln2                 -*  |                     { 288.09, 288.09, 288.09, 288.09, 288.09  }
4 all                       |  -*-                { 359.90, 359.90, 359.90, 359.90, 359.90  }
4 xpln1                   --|--- *-----           { 311.07, 311.07, 311.07, 311.07, 311.07  }

Scott-Knott for: Completion+
1 sway2      ---   *  ---   |                     {   0.84,   0.84,   0.84,   0.84,   0.84  }
1 all                 *     |                     {   0.86,   0.86,   0.86,   0.86,   0.86  }
1 xpln1               *--   |                     {   0.86,   0.86,   0.86,   0.86,   0.86  }
1 xpln2               *--   |                     {   0.86,   0.86,   0.86,   0.86,   0.86  }
1 sway1      ------   *  ---|                     {   0.84,   0.84,   0.84,   0.84,   0.84  }
2 top                       |                   * {   0.96,   0.96,   0.96,   0.96,   0.96  }

Scott-Knott for: Idle-
1 top    *                  |                     {   0.00,   0.00,   0.00,   0.00,   0.00  }
1 xpln2                     |         --*         {   0.23,   0.23,   0.23,   0.23,   0.23  }
1 sway2                     |       -   *---      {   0.21,   0.21,   0.21,   0.21,   0.21  }
1 all                       |            *        {   0.24,   0.24,   0.24,   0.24,   0.24  }
1 sway1                     |    ----    *----    {   0.19,   0.19,   0.19,   0.19,   0.19  }
1 xpln1                     |           -*--      {   0.24,   0.24,   0.24,   0.24,   0.24  }

Table 2:
                                             Cost-         Completion+               Idle-
                    all to all                   =                   =                   =
                  all to sway1                   ≠                   ≠                   ≠
                  all to sway2                   ≠                   ≠                   ≠
                sway1 to sway2                   ≠                   ≠                   ≠
                sway1 to xpln1                   ≠                   ≠                   ≠
                  sway1 to top                   ≠                   ≠                   ≠
                sway2 to xpln2                   ≠                   ≠                   ≠

Xpln Runtimes:
    xpln1:             13.49ms
    xpln2:              6.29ms

Sampling Taxes:
                                             Cost-         Completion+               Idle-
    Sampling Tax (all - sway1)               101.2                -0.0                 0.0
    Sampling Tax (all - sway2)               214.5                 0.0                 0.0

Explanation Taxes:
                                             Cost-         Completion+               Idle-
     xpln1 Tax (sway1 - xpln1)              -104.8                 0.0                -0.0
     xpln2 Tax (sway2 - xpln2)              -173.4                -0.0                -0.0


File: SSM
Table 1:
                                 NUMBERITERATIONS-     TIMETOSOLUTION-
                           all               33.06              512.96
                         sway1                7.43              138.93
                         xpln1               10.42              179.97
                         sway2                4.79              105.56
                         xpln2                9.27              152.87
                           top                3.66               62.35

Scott-Knott for: NUMBERITERATIONS-
1 top    *                  |                     {   3.66,   3.66,   3.66,   3.66,   3.66  }
1 sway2  *                  |                     {   4.02,   4.02,   4.02,   4.02,   4.02  }
2 sway1   *--------         |                     {   4.32,   4.32,   4.32,   4.32,   4.32  }
3 xpln1    -* -------       |                     {   7.55,   7.55,   7.55,   7.55,   7.55  }
3 xpln2    - *              |                     {   7.67,   7.67,   7.67,   7.67,   7.67  }
4 all                       |  -  *----           {  29.60,  29.60,  29.60,  29.60,  29.60  }

Scott-Knott for: TIMETOSOLUTION-
1 top    *                  |                     {  62.35,  62.35,  62.35,  62.35,  62.35  }
1 sway2  -*----             |                     {  74.57,  74.57,  74.57,  74.57,  74.57  }
1 sway1  -  *----------     |                     {  86.71,  86.71,  86.71,  86.71,  86.71  }
1 xpln2   --- *----         |                     {  97.55,  97.55,  97.55,  97.55,  97.55  }
2 xpln1   ----   *-         |                     {  97.90,  97.90,  97.90,  97.90,  97.90  }
3 all                       |    ---    *----     { 427.60, 427.60, 427.60, 427.60, 427.60  }

Table 2:
                                 NUMBERITERATIONS-     TIMETOSOLUTION-
                    all to all                   =                   =
                  all to sway1                   ≠                   ≠
                  all to sway2                   ≠                   ≠
                sway1 to sway2                   ≠                   ≠
                sway1 to xpln1                   ≠                   ≠
                  sway1 to top                   ≠                   ≠
                sway2 to xpln2                   ≠                   ≠

Xpln Runtimes:
    xpln1:             99.53ms
    xpln2:             58.88ms

Sampling Taxes:
                                 NUMBERITERATIONS-     TIMETOSOLUTION-
    Sampling Tax (all - sway1)                25.6               374.0
    Sampling Tax (all - sway2)                28.3               407.4

Explanation Taxes:
                                 NUMBERITERATIONS-     TIMETOSOLUTION-
     xpln1 Tax (sway1 - xpln1)                -3.0               -41.0
     xpln2 Tax (sway2 - xpln2)                -4.5               -47.3


File: SSN
Table 1:
                                             PSNR-             Energy-
                           all               44.43             1673.84
                         sway1               44.68             1068.08
                         xpln1               44.68             1197.98
                         sway2               44.52              709.02
                         xpln2               44.89              925.79
                           top               25.94              501.91

Scott-Knott for: PSNR-
1 top    *                  |                     {  25.94,  25.94,  25.94,  25.94,  25.94  }
1 xpln1                     |         - *         {  43.22,  43.22,  43.22,  43.22,  43.22  }
1 all                       |            *        {  44.03,  44.03,  44.03,  44.03,  44.03  }
1 sway1                     |        --  *-----   {  42.54,  42.54,  42.54,  42.54,  42.54  }
1 sway2                     |         --  *       {  42.82,  42.82,  42.82,  42.82,  42.82  }
1 xpln2                     |          -  *       {  43.50,  43.50,  43.50,  43.50,  43.50  }

Scott-Knott for: Energy-
1 top    *                  |                     { 501.91, 501.91, 501.91, 501.91, 501.91  }
1 sway2   *  -----          |                     { 516.97, 516.97, 516.97, 516.97, 516.97  }
2 sway1  -    *      -------|                     { 553.30, 553.30, 553.30, 553.30, 553.30  }
3 xpln2         *  --       |                     { 541.79, 541.79, 541.79, 541.79, 541.79  }
4 xpln1  -------- *-----    |                     { 611.32, 611.32, 611.32, 611.32, 611.32  }
5 all                     * |                     { 1608.97, 1608.97, 1608.97, 1608.97, 1608.97  }

Table 2:
                                             PSNR-             Energy-
                    all to all                   =                   =
                  all to sway1                   ≠                   ≠
                  all to sway2                   ≠                   ≠
                sway1 to sway2                   ≠                   ≠
                sway1 to xpln1                   =                   ≠
                  sway1 to top                   ≠                   ≠
                sway2 to xpln2                   ≠                   ≠

Xpln Runtimes:
    xpln1:             47.08ms
    xpln2:             31.57ms

Sampling Taxes:
                                             PSNR-             Energy-
    Sampling Tax (all - sway1)                -0.3               605.8
    Sampling Tax (all - sway2)                -0.1               964.8

Explanation Taxes:
                                             PSNR-             Energy-
     xpln1 Tax (sway1 - xpln1)                 0.0              -129.9
     xpln2 Tax (sway2 - xpln2)                -0.4              -216.8


