File: auto2
Table 1:
                                          CityMPG+         HighwayMPG+             Weight-              Class-
                           all               22.37               29.09              3072.9               19.51
                         sway1               27.82                33.7             2444.15               12.17
                         xpln1               29.32               34.97             2393.73               12.66
                         sway2               27.99                33.9             2430.22               12.12
                         xpln2               28.82               34.55             2418.68                13.0
                           top               29.67               35.88             2339.79               10.47

Scott-Knott for: CityMPG+
1 all    *                  |                     {  22.37,  22.37,  22.37,  22.37,  22.37  }
1 sway2           -- *--    |                     {  26.67,  27.65,  28.12,  28.54,  29.22  }
1 sway1            - *--    |                     {  27.04,  27.87,  28.17,  28.50,  29.39  }
1 xpln1     -----------*----|-------------------  {  24.16,  28.92,  28.92,  28.92,  39.33  }
1 xpln2      ----------*----|-----                {  24.72,  28.92,  28.92,  28.92,  33.75  }
1 top                    *  |                     {  29.67,  29.67,  29.67,  29.67,  29.67  }

Scott-Knott for: HighwayMPG+
1 all    *                  |                     {  29.09,  29.09,  29.09,  29.09,  29.09  }
1 sway1            --*--    |                     {  33.09,  33.78,  34.00,  34.26,  35.04  }
1 sway2           --- *-    |                     {  32.71,  33.87,  34.08,  34.21,  34.96  }
1 xpln1     -----------*----|-------------------  {  30.64,  34.68,  34.68,  34.68,  43.33  }
1 xpln2      ----------*----|------               {  31.03,  34.68,  34.68,  34.68,  38.75  }
1 top                      *|                     {  35.88,  35.88,  35.88,  35.88,  35.88  }

Scott-Knott for: Weight-
1 top                 *     |                     { 2339.79, 2339.79, 2339.79, 2339.79, 2339.79  }
1 xpln1         -------*----|--------------       { 2150.00, 2345.80, 2345.80, 2345.80, 2942.33  }
1 xpln2              --*----|--------------       { 2295.00, 2345.80, 2345.80, 2345.80, 2942.33  }
2 sway2               - * --|----                 { 2331.04, 2363.33, 2397.71, 2449.35, 2644.38  }
3 sway1               -- * -|--------             { 2330.21, 2378.91, 2404.58, 2472.50, 2755.87  }
4 all                       |                   * { 3072.90, 3072.90, 3072.90, 3072.90, 3072.90  }

Scott-Knott for: Class-
1 top         *             |                     {  10.47,  10.47,  10.47,  10.47,  10.47  }
1 xpln1      ----*----------|-------------------  {  10.17,  11.43,  11.43,  11.43,  20.51  }
1 xpln2          *----------|-------------------  {  11.43,  11.43,  11.43,  11.43,  20.51  }
1 sway1       --  *     ----|----                 {  10.56,  10.94,  11.50,  13.46,  16.13  }
1 sway2       -    *  ------|-                    {  10.53,  10.72,  11.82,  12.73,  15.20  }
2 all                       |               *     {  19.51,  19.51,  19.51,  19.51,  19.51  }

Table 2:
                                          CityMPG+         HighwayMPG+             Weight-              Class-
                    all to all                   =                   =                   =                   =
                  all to sway1                   ≠                   ≠                   ≠                   ≠
                  all to sway2                   ≠                   ≠                   ≠                   ≠
                sway1 to sway2                   ≠                   ≠                   ≠                   ≠
                sway1 to xpln1                   ≠                   ≠                   ≠                   ≠
                  sway1 to top                   ≠                   ≠                   ≠                   ≠
                sway2 to xpln2                   ≠                   ≠                   ≠                   ≠

Xpln Runtimes:
    xpln1:             19.04ms
    xpln2:             14.83ms

Scott-Knott for: xpln Runtimes
1 xpln2    *  -            |                     {   0.01,   0.01,   0.01,   0.02,   0.02  }
1 xpln1                ----|   * -------         {   0.02,   0.02,   0.02,   0.02,   0.02  }

Sampling Taxes:
                                          CityMPG+         HighwayMPG+             Weight-              Class-
    Sampling Tax (all - sway1)                -5.5                -4.6               628.8                 7.3
    Sampling Tax (all - sway2)                -5.6                -4.8               642.7                 7.4

Explanation Taxes:
                                          CityMPG+         HighwayMPG+             Weight-              Class-
     xpln1 Tax (sway1 - xpln1)                -1.5                -1.3                50.4                -0.5
     xpln2 Tax (sway2 - xpln2)                -0.8                -0.6                11.5                -0.9


File: auto93
Table 1:
                                              Lbs-                Acc+                Mpg+
                           all             2970.42               15.57               23.84
                         sway1             2330.18               16.47               28.97
                         xpln1             2310.34               15.16               25.89
                         sway2             2235.39               16.33               32.26
                         xpln2             2275.13                15.7               28.57
                           top             2006.42               18.41                36.2

Scott-Knott for: Lbs-
1 top    *                  |                     { 2006.42, 2006.42, 2006.42, 2006.42, 2006.42  }
1 xpln2         *--------   |                     { 2221.23, 2221.23, 2221.23, 2221.23, 2420.00  }
1 sway2      ----*----      |                     { 2150.10, 2234.78, 2234.78, 2234.78, 2363.02  }
1 sway1          -  *   ----|                     { 2224.88, 2251.92, 2297.10, 2406.32, 2518.18  }
1 xpln1           *     -   |                     { 2221.23, 2221.23, 2269.90, 2398.50, 2423.30  }
2 all                       |                   * { 2970.42, 2970.42, 2970.42, 2970.42, 2970.42  }

Scott-Knott for: Acc+
1 all                       *                     {  15.57,  15.57,  15.57,  15.57,  15.57  }
1 sway2                     |   * ----            {  16.14,  16.14,  16.14,  16.43,  16.95  }
1 xpln1      -              |   *----             {  13.25,  13.50,  16.17,  16.17,  16.79  }
1 xpln2      ---------------|---*                 {  13.25,  16.17,  16.17,  16.17,  16.17  }
2 sway1                     |   --*---            {  16.19,  16.37,  16.43,  16.58,  16.97  }
3 top                       |                   * {  18.41,  18.41,  18.41,  18.41,  18.41  }

Scott-Knott for: Mpg+
1 all            *          |                     {  23.84,  23.84,  23.84,  23.84,  23.84  }
1 xpln1                     |*                    {  20.00,  20.00,  28.57,  30.13,  30.13  }
1 sway1               ----  |  *------            {  26.00,  27.35,  29.60,  30.00,  32.40  }
1 xpln2  -------------------|----*                {  20.00,  30.13,  30.13,  30.13,  30.13  }
1 sway2                     |         *-          {  32.40,  32.40,  32.40,  32.40,  33.20  }
1 top                       |                   * {  36.20,  36.20,  36.20,  36.20,  36.20  }

Table 2:
                                              Lbs-                Acc+                Mpg+
                    all to all                   =                   =                   =
                  all to sway1                   ≠                   ≠                   ≠
                  all to sway2                   ≠                   ≠                   ≠
                sway1 to sway2                   ≠                   ≠                   ≠
                sway1 to xpln1                   ≠                   ≠                   ≠
                  sway1 to top                   ≠                   ≠                   ≠
                sway2 to xpln2                   ≠                   ≠                   ≠

Xpln Runtimes:
    xpln1:              5.39ms
    xpln2:              4.46ms

Scott-Knott for: xpln Runtimes
1 xpln2     ---   *-       |                     {   0.00,   0.00,   0.00,   0.00,   0.00  }
1 xpln1                 ---|    *  -----         {   0.00,   0.01,   0.01,   0.01,   0.01  }

Sampling Taxes:
                                              Lbs-                Acc+                Mpg+
    Sampling Tax (all - sway1)               640.2                -0.9                -5.1
    Sampling Tax (all - sway2)               735.0                -0.8                -8.4

Explanation Taxes:
                                              Lbs-                Acc+                Mpg+
     xpln1 Tax (sway1 - xpln1)                19.8                 1.3                 3.1
     xpln2 Tax (sway2 - xpln2)               -39.7                 0.6                 3.7


File: china
Table 1:
                                         N_effort-
                           all             4277.64
                         sway1             1258.37
                         xpln1             2338.53
                         sway2              794.18
                         xpln2             2106.34
                           top              285.16

Scott-Knott for: N_effort-
1 top    *                  |                     { 285.16, 285.16, 285.16, 285.16, 285.16  }
1 sway2   *---              |                     { 523.35, 608.25, 728.08, 858.46, 1393.06  }
1 sway1  - *  ---           |                     { 533.79, 621.44, 802.18, 1393.06, 1810.10  }
2 xpln1      ---- *  -------|---------            { 1183.24, 1916.81, 2071.35, 2453.42, 5348.59  }
3 xpln2         - *         |                     { 1714.44, 1916.81, 2071.35, 2453.42, 2570.28  }
4 all                       |   *                 { 4277.64, 4277.64, 4277.64, 4277.64, 4277.64  }

Table 2:
                                         N_effort-
                    all to all                   =
                  all to sway1                   ≠
                  all to sway2                   ≠
                sway1 to sway2                   ≠
                sway1 to xpln1                   ≠
                  sway1 to top                   ≠
                sway2 to xpln2                   ≠

Xpln Runtimes:
    xpln1:             38.59ms
    xpln2:              41.6ms

Scott-Knott for: xpln Runtimes
1 xpln1  -- *    ----      |                     {   0.03,   0.03,   0.03,   0.05,   0.06  }
1 xpln2         *--------- |                     {   0.02,   0.02,   0.04,   0.05,   0.07  }

Sampling Taxes:
                                         N_effort-
    Sampling Tax (all - sway1)              3019.3
    Sampling Tax (all - sway2)              3483.5

Explanation Taxes:
                                         N_effort-
     xpln1 Tax (sway1 - xpln1)             -1080.2
     xpln2 Tax (sway2 - xpln2)             -1312.2


File: coc1000
Table 1:
                                              LOC+               AEXP-               PLEX-               RISK-             EFFORT-
                           all             1011.78                2.97                3.04                6.66            30923.04
                         sway1             1008.24                2.98                3.04                5.62            27150.51
                         xpln1             1016.93                2.98                3.04                6.26            29323.84
                         sway2             1026.07                2.94                3.03                4.55            24253.37
                         xpln2             1031.34                2.96                3.07                5.29            26001.97
                           top             1392.06                2.06                1.86                3.99            34527.63

Scott-Knott for: LOC+
1 all        -*--           |                     { 995.64, 1003.30, 1010.11, 1018.05, 1036.52  }
1 xpln1     -  *  -         |                     { 980.10, 996.43, 1012.86, 1055.48, 1060.23  }
1 sway1  ----  * --         |                     { 949.56, 995.94, 1014.25, 1034.71, 1067.22  }
2 sway2     --- * --        |                     { 976.87, 1013.75, 1032.48, 1055.71, 1073.94  }
3 xpln2            *        |                     { 1012.86, 1012.86, 1060.23, 1060.23, 1060.23  }
4 top                       |                   * { 1392.06, 1392.06, 1392.06, 1392.06, 1392.06  }

Scott-Knott for: AEXP-
1 top    *                  |                     {   2.06,   2.06,   2.06,   2.06,   2.06  }
1 sway2                     |       * ---         {   2.86,   2.88,   2.93,   2.99,   3.10  }
1 xpln2                     |       *             {   2.95,   2.95,   2.95,   2.97,   2.97  }
1 xpln1                     |        *-           {   2.93,   2.95,   2.97,   2.99,   3.03  }
1 all                       |      - *-           {   2.92,   2.95,   2.97,   2.99,   3.04  }
1 sway1                     |     -- * ---        {   2.86,   2.93,   2.98,   3.02,   3.13  }

Scott-Knott for: PLEX-
1 top    *                  |                     {   1.86,   1.86,   1.86,   1.86,   1.86  }
1 xpln1                     |         -- *------  {   2.93,   2.99,   3.02,   3.06,   3.25  }
1 all                       |           -*-       {   3.00,   3.03,   3.04,   3.06,   3.11  }
1 sway1                     |         --  *--     {   2.93,   2.99,   3.06,   3.10,   3.18  }
1 sway2                     |       ----- *--     {   2.86,   3.01,   3.06,   3.10,   3.17  }
1 xpln2                     |              *      {   2.93,   2.93,   3.09,   3.25,   3.25  }

Scott-Knott for: RISK-
1 top            *          |                     {   3.99,   3.99,   3.99,   3.99,   3.99  }
1 sway2    -------  *  -----|-                    {   2.97,   4.28,   4.58,   5.02,   6.40  }
2 xpln2                  *  |                     {   4.84,   4.84,   5.45,   5.45,   5.59  }
3 sway1           ---      *| ---                 {   4.14,   4.75,   5.84,   6.38,   6.91  }
4 xpln1               ---   |  *  -------         {   4.84,   5.45,   6.43,   7.03,   8.25  }
5 all                       |  -*                 {   6.41,   6.60,   6.66,   6.76,   6.91  }

Scott-Knott for: EFFORT-
1 sway2   -------   * ------|                     { 17071.44, 22785.22, 25146.54, 26469.14, 31353.75  }
1 sway1       ----   *      |-------              { 20458.72, 23559.26, 25822.68, 31081.74, 37043.18  }
2 xpln1            ---- *---|-----------------    { 23777.09, 27087.12, 27801.66, 28585.82, 44488.50  }
3 xpln2                  *  |                     { 23777.09, 23777.09, 28585.82, 28585.82, 28585.82  }
4 all                     - *-                    { 29773.25, 30516.80, 31167.36, 31508.34, 32358.49  }
5 top                       |    *                { 34527.63, 34527.63, 34527.63, 34527.63, 34527.63  }

Table 2:
                                              LOC+               AEXP-               PLEX-               RISK-             EFFORT-
                    all to all                   =                   =                   =                   =                   =
                  all to sway1                   ≠                   ≠                   ≠                   ≠                   ≠
                  all to sway2                   ≠                   ≠                   ≠                   ≠                   ≠
                sway1 to sway2                   ≠                   ≠                   ≠                   ≠                   ≠
                sway1 to xpln1                   ≠                   =                   ≠                   ≠                   ≠
                  sway1 to top                   ≠                   ≠                   ≠                   ≠                   ≠
                sway2 to xpln2                   ≠                   ≠                   ≠                   ≠                   ≠

Xpln Runtimes:
    xpln1:             66.27ms
    xpln2:             34.69ms

Scott-Knott for: xpln Runtimes
1 xpln2  *-----------------|----                 {   0.03,   0.03,   0.03,   0.03,   0.06  }
1 xpln1                    |   ---  *     ---    {   0.06,   0.06,   0.07,   0.07,   0.08  }

Sampling Taxes:
                                              LOC+               AEXP-               PLEX-               RISK-             EFFORT-
    Sampling Tax (all - sway1)                 3.5                -0.0                 0.0                 1.0              3772.5
    Sampling Tax (all - sway2)               -14.3                 0.0                 0.0                 2.1              6669.7

Explanation Taxes:
                                              LOC+               AEXP-               PLEX-               RISK-             EFFORT-
     xpln1 Tax (sway1 - xpln1)                -8.7                 0.0                 0.0                -0.6             -2173.3
     xpln2 Tax (sway2 - xpln2)                -5.3                -0.0                -0.0                -0.7             -1748.6


File: coc10000
Table 1:
                                              Loc+               Risk-             Effort-
                           all             1010.25                6.71            30941.02
                         sway1             1014.21                5.21            25592.03
                         xpln1             1009.55                6.03            25605.34
                         sway2             1012.13                4.21            20921.12
                         xpln2             1013.23                5.56             24838.2
                           top             1839.37                1.46            27433.38

Scott-Knott for: Loc+
1 sway2  -*-                |                     { 985.03, 1003.16, 1010.61, 1025.77, 1047.85  }
1 xpln1   *-                |                     { 977.03, 995.63, 1011.08, 1028.28, 1052.75  }
2 all    -*                 |                     { 977.05, 1008.19, 1011.29, 1021.57, 1040.01  }
3 sway1  -*-                |                     { 992.22, 1003.46, 1012.37, 1029.31, 1046.53  }
4 xpln2   *                 |                     { 983.75, 1001.89, 1018.97, 1023.41, 1040.92  }
5 top                       |                  *  { 1836.08, 1838.06, 1839.70, 1841.23, 1842.58  }

Scott-Knott for: Risk-
1 top    *                  |                     {   1.42,   1.45,   1.46,   1.47,   1.52  }
1 sway2            --    *  |-                    {   3.29,   3.66,   4.34,   4.84,   5.13  }
1 sway1                ---- | *  -------          {   4.02,   4.59,   5.16,   5.58,   6.86  }
1 xpln2                     | -  *--              {   5.18,   5.32,   5.57,   5.84,   6.19  }
1 xpln1                     | ----- * -           {   5.14,   5.96,   6.10,   6.47,   6.71  }
1 all                       |         - *         {   6.48,   6.66,   6.74,   6.86,   7.06  }

Scott-Knott for: Effort-
1 sway2     -  *   ----     |                     { 18220.31, 19393.07, 20655.59, 22784.81, 25300.72  }
1 sway1      ------   *   --|-----------          { 19186.46, 22784.81, 24968.01, 27049.49, 35950.54  }
1 xpln2            --  *-   |                     { 22862.96, 24366.61, 25152.96, 25966.55, 26267.04  }
1 xpln1             -  *  --|-                    { 23254.01, 24284.10, 25166.88, 27254.26, 29536.02  }
2 top                     * |                     { 27144.61, 27386.26, 27482.02, 27602.18, 27704.57  }
3 all                       | -  *--              { 29518.54, 30099.65, 31220.24, 32046.64, 33374.38  }

Table 2:
                                              Loc+               Risk-             Effort-
                    all to all                   =                   =                   =
                  all to sway1                   ≠                   ≠                   ≠
                  all to sway2                   ≠                   ≠                   ≠
                sway1 to sway2                   ≠                   ≠                   ≠
                sway1 to xpln1                   ≠                   ≠                   ≠
                  sway1 to top                   ≠                   ≠                   ≠
                sway2 to xpln2                   ≠                   ≠                   ≠

Xpln Runtimes:
    xpln1:            688.99ms
    xpln2:            248.01ms

Scott-Knott for: xpln Runtimes
1 xpln2 *                  |                     {   0.23,   0.25,   0.25,   0.26,   0.26  }
1 xpln1            --- * --|----                 {   0.55,   0.63,   0.67,   0.70,   0.90  }

Sampling Taxes:
                                              Loc+               Risk-             Effort-
    Sampling Tax (all - sway1)                -4.0                 1.5              5349.0
    Sampling Tax (all - sway2)                -1.9                 2.5             10019.9

Explanation Taxes:
                                              Loc+               Risk-             Effort-
     xpln1 Tax (sway1 - xpln1)                 4.7                -0.8               -13.3
     xpln2 Tax (sway2 - xpln2)                -1.1                -1.3             -3917.1


File: healthCloseIsses12mths0001-hard
Table 1:
                                              MRE-                ACC+             PRED40+
                           all               82.46                 5.2               21.99
                         sway1                75.0                7.25               19.59
                         xpln1               74.36                7.48               18.86
                         sway2               73.95                7.49               20.19
                         xpln2               73.75                7.67               18.65
                           top               69.16                9.82               25.38

Scott-Knott for: MRE-
1 top    *                  |                     {  69.08,  69.12,  69.15,  69.21,  69.26  }
1 sway2            *--      |                     {  73.65,  73.73,  73.76,  73.96,  74.98  }
1 xpln2           -*        |                     {  73.63,  73.73,  73.77,  73.79,  73.96  }
1 xpln1           -*        |                     {  73.64,  73.71,  73.76,  73.84,  73.97  }
1 sway1            *--------|--------             {  73.70,  73.83,  73.86,  74.30,  81.36  }
2 all                       |        -- *-        {  81.59,  82.24,  82.46,  82.80,  83.55  }

Scott-Knott for: ACC+
1 all         *             |                     {   5.04,   5.12,   5.22,   5.28,   5.37  }
1 sway1                    -|-*                   {   6.98,   7.44,   7.53,   7.56,   7.66  }
1 sway2                     |-*-                  {   7.27,   7.50,   7.53,   7.54,   7.74  }
1 xpln1                     |  *                  {   7.56,   7.61,   7.64,   7.66,   7.81  }
1 xpln2                     |  *-                 {   7.59,   7.62,   7.66,   7.75,   7.82  }
2 top                       |                 -*  {   9.73,   9.80,   9.84,   9.86,   9.89  }

Scott-Knott for: PRED40+
1 xpln1        * --         |                     {  18.38,  18.55,  18.58,  18.99,  19.41  }
1 xpln2     -- *--          |                     {  18.07,  18.38,  18.70,  18.97,  19.26  }
2 sway1     ----- *  -------|-                    {  17.99,  18.99,  19.36,  19.90,  21.73  }
3 sway2            ---* -   |                     {  19.53,  20.07,  20.19,  20.48,  20.85  }
4 all                      -|-  *-                {  21.09,  21.78,  22.14,  22.41,  22.71  }
5 top                       |                  *  {  25.34,  25.37,  25.39,  25.42,  25.44  }

Table 2:
                                              MRE-                ACC+             PRED40+
                    all to all                   =                   =                   =
                  all to sway1                   ≠                   ≠                   ≠
                  all to sway2                   ≠                   ≠                   ≠
                sway1 to sway2                   ≠                   ≠                   ≠
                sway1 to xpln1                   ≠                   ≠                   ≠
                  sway1 to top                   ≠                   ≠                   ≠
                sway2 to xpln2                   ≠                   ≠                   ≠

Xpln Runtimes:
    xpln1:            112.43ms
    xpln2:             64.22ms

Scott-Knott for: xpln Runtimes
1 xpln2 *-------           |                     {   0.06,   0.06,   0.06,   0.06,   0.09  }
1 xpln1           -  *     |--------------       {   0.09,   0.10,   0.10,   0.12,   0.17  }

Sampling Taxes:
                                              MRE-                ACC+             PRED40+
    Sampling Tax (all - sway1)                 7.5                -2.1                 2.4
    Sampling Tax (all - sway2)                 8.5                -2.3                 1.8

Explanation Taxes:
                                              MRE-                ACC+             PRED40+
     xpln1 Tax (sway1 - xpln1)                 0.6                -0.2                 0.7
     xpln2 Tax (sway2 - xpln2)                 0.2                -0.2                 1.5


File: healthCloseIsses12mths0011-easy
Table 1:
                                              MRE-                ACC+             PRED40+
                           all               92.88               -8.54               17.45
                         sway1               37.12                -0.6               53.45
                         xpln1                35.4               -0.47               53.29
                         sway2               25.37               -0.54               62.56
                         xpln2               35.44               -0.47                53.3
                           top                 0.0                 0.0               83.33

Scott-Knott for: MRE-
1 top    *                  |                     {   0.00,   0.00,   0.00,   0.00,   0.00  }
1 sway2         - *---      |                     {  20.80,  21.94,  24.32,  27.89,  33.42  }
1 xpln1              - *    |                     {  33.06,  34.27,  35.76,  37.15,  38.86  }
1 xpln2              - *    |                     {  33.06,  34.27,  35.82,  37.15,  38.86  }
1 sway1         -----  *   -|-                    {  21.15,  31.57,  36.59,  45.60,  52.89  }
2 all                       |                  *  {  90.85,  92.33,  92.99,  93.96,  95.06  }

Scott-Knott for: ACC+
1 all    --*-               |                     {  -8.94,  -8.64,  -8.54,  -8.31,  -8.03  }
1 xpln1                     |                *    {  -0.52,  -0.49,  -0.47,  -0.44,  -0.41  }
1 xpln2                     |                *    {  -0.52,  -0.49,  -0.47,  -0.44,  -0.41  }
1 sway1                     |               -*    {  -0.87,  -0.62,  -0.47,  -0.43,  -0.38  }
1 sway2                     |               - *   {  -0.77,  -0.59,  -0.46,  -0.43,  -0.36  }
1 top                       |                   * {   0.00,   0.00,   0.00,   0.00,   0.00  }

Scott-Knott for: PRED40+
1 all    *-                 |                     {  15.20,  16.89,  17.29,  18.07,  20.67  }
1 xpln1                     |-*                   {  51.79,  52.57,  53.09,  54.20,  55.05  }
1 xpln2                     |-*                   {  51.79,  52.57,  53.09,  54.20,  55.05  }
1 sway1                 --  |  * -----            {  42.71,  46.78,  54.75,  59.24,  66.24  }
1 sway2                     |   --  *-            {  56.54,  60.61,  64.29,  65.82,  66.73  }
1 top                       |                   * {  83.33,  83.33,  83.33,  83.33,  83.33  }

Table 2:
                                              MRE-                ACC+             PRED40+
                    all to all                   =                   =                   =
                  all to sway1                   ≠                   ≠                   ≠
                  all to sway2                   ≠                   ≠                   ≠
                sway1 to sway2                   ≠                   ≠                   ≠
                sway1 to xpln1                   ≠                   ≠                   ≠
                  sway1 to top                   ≠                   ≠                   ≠
                sway2 to xpln2                   ≠                   ≠                   ≠

Xpln Runtimes:
    xpln1:            102.15ms
    xpln2:              58.6ms

Scott-Knott for: xpln Runtimes
1 xpln2 *                  |                     {   0.06,   0.06,   0.06,   0.06,   0.06  }
1 xpln1        ---  * -----|                     {   0.08,   0.09,   0.10,   0.10,   0.12  }

Sampling Taxes:
                                              MRE-                ACC+             PRED40+
    Sampling Tax (all - sway1)                55.8                -7.9               -36.0
    Sampling Tax (all - sway2)                67.5                -8.0               -45.1

Explanation Taxes:
                                              MRE-                ACC+             PRED40+
     xpln1 Tax (sway1 - xpln1)                 1.7                -0.1                 0.2
     xpln2 Tax (sway2 - xpln2)               -10.1                -0.1                 9.3


File: nasa93dem
Table 1:
                                             Kloc+             Effort-            Defects-             Months-
                           all               94.02              624.41             3761.76               24.18
                         sway1               64.33              320.96              2366.9               19.52
                         xpln1               59.71              291.68             2211.67               18.57
                         sway2               63.17              286.75             2293.47               18.49
                         xpln2               55.35              258.21             1980.57               17.59
                           top               10.32                50.0              376.74               11.59

Scott-Knott for: Kloc+
1 top    *                  |                     {  10.32,  10.32,  10.32,  10.32,  10.32  }
1 xpln2           -    *    | ------              {  37.43,  40.40,  50.03,  66.26,  81.28  }
1 sway1             -----   *      -------        {  42.62,  53.25,  62.43,  78.58,  96.54  }
1 xpln1           -         *     ---------       {  37.43,  40.40,  61.41,  75.95,  99.19  }
1 sway2             --      |*    --------        {  40.85,  45.85,  65.21,  76.38,  97.46  }
1 all                       |            *        {  94.02,  94.02,  94.02,  94.02,  94.02  }

Scott-Knott for: Effort-
1 top    *                  |                     {  50.00,  50.00,  50.00,  50.00,  50.00  }
1 xpln2           -    *----|                     { 196.46, 217.76, 267.68, 277.25, 352.68  }
1 xpln1          --    *    |-----                { 191.85, 217.76, 276.79, 352.68, 437.71  }
1 sway2           -      *  |-----                { 201.58, 221.50, 294.39, 351.88, 429.28  }
1 sway1           ------   *|  -------            { 202.26, 287.00, 328.08, 381.92, 491.88  }
2 all                       |                   * { 624.41, 624.41, 624.41, 624.41, 624.41  }

Scott-Knott for: Defects-
1 top    *                  |                     { 376.74, 376.74, 376.74, 376.74, 376.74  }
1 xpln2         -- *        |  -                  { 1280.70, 1435.12, 1562.57, 2796.78, 2909.75  }
1 sway2         ---      *  | --------            { 1278.09, 1626.92, 2210.75, 2790.26, 3617.92  }
1 sway1          ------  *  |     ----            { 1377.22, 2006.39, 2238.39, 3110.00, 3594.70  }
1 xpln1         --       *  |  -------            { 1280.70, 1470.24, 2177.76, 2816.68, 3527.30  }
2 all                       |           *         { 3761.76, 3761.76, 3761.76, 3761.76, 3761.76  }

Scott-Knott for: Months-
1 top    *                  |                     {  11.59,  11.59,  11.59,  11.59,  11.59  }
1 xpln2            -  *     |---------            {  15.36,  15.86,  16.40,  18.69,  21.51  }
1 xpln1             -      *|       --------      {  15.56,  15.92,  17.90,  20.92,  23.68  }
1 sway2            ---      *       -----         {  15.32,  16.37,  18.45,  20.88,  22.73  }
1 sway1             ------  | *      ----------   {  15.85,  17.60,  19.06,  21.29,  24.43  }
1 all                       |                 *   {  24.18,  24.18,  24.18,  24.18,  24.18  }

Table 2:
                                             Kloc+             Effort-            Defects-             Months-
                    all to all                   =                   =                   =                   =
                  all to sway1                   ≠                   ≠                   ≠                   ≠
                  all to sway2                   ≠                   ≠                   ≠                   ≠
                sway1 to sway2                   ≠                   ≠                   ≠                   ≠
                sway1 to xpln1                   ≠                   ≠                   ≠                   ≠
                  sway1 to top                   ≠                   ≠                   ≠                   ≠
                sway2 to xpln2                   ≠                   ≠                   ≠                   ≠

Xpln Runtimes:
    xpln1:             12.68ms
    xpln2:              7.39ms

Scott-Knott for: xpln Runtimes
1 xpln2 - *-               |                     {   0.01,   0.01,   0.01,   0.01,   0.01  }
1 xpln1          -- *------|-                    {   0.01,   0.01,   0.01,   0.01,   0.02  }

Sampling Taxes:
                                             Kloc+             Effort-            Defects-             Months-
    Sampling Tax (all - sway1)                29.7               303.5              1394.9                 4.7
    Sampling Tax (all - sway2)                30.9               337.7              1468.3                 5.7

Explanation Taxes:
                                             Kloc+             Effort-            Defects-             Months-
     xpln1 Tax (sway1 - xpln1)                 4.6                29.3               155.2                 0.9
     xpln2 Tax (sway2 - xpln2)                 7.8                28.5               312.9                 0.9


File: pom
Table 1:
                                             Cost-         Completion+               Idle-
                           all              366.02                0.87                0.24
                         sway1              280.28                0.86                0.24
                         xpln1              365.75                0.87                0.25
                         sway2              207.28                0.86                0.25
                         xpln2              346.59                0.87                0.24
                           top              189.51                0.89                0.02

Scott-Knott for: Cost-
1 top     *                 |                     { 187.62, 189.19, 189.50, 189.96, 191.88  }
1 sway2  - *   -            |                     { 169.69, 191.71, 200.85, 237.95, 248.89  }
2 sway1   ----     *   -----|--                   { 193.71, 226.18, 280.82, 311.76, 390.54  }
3 all                      -*-                    { 358.26, 364.03, 364.92, 368.62, 379.53  }
4 xpln2                     *------               { 292.86, 295.46, 368.34, 369.24, 427.57  }
4 xpln1                    -|*                    { 356.26, 366.33, 369.61, 374.67, 379.72  }

Scott-Knott for: Completion+
1 sway2                     | *     ------        {   0.85,   0.85,   0.86,   0.87,   0.88  }
1 all                       |       *             {   0.86,   0.86,   0.87,   0.87,   0.87  }
1 sway1                  ---|-      *-----        {   0.85,   0.86,   0.87,   0.87,   0.88  }
1 xpln1                     |       *-----        {   0.86,   0.86,   0.87,   0.87,   0.88  }
1 xpln2                     |       *-----        {   0.86,   0.86,   0.87,   0.87,   0.88  }
2 top                       |                   * {   0.89,   0.89,   0.89,   0.89,   0.89  }

Scott-Knott for: Idle-
1 top    *                  |                     {   0.02,   0.02,   0.02,   0.02,   0.02  }
1 all                       |           -* -      {   0.23,   0.24,   0.24,   0.25,   0.26  }
1 xpln2                     |           -*        {   0.23,   0.24,   0.24,   0.25,   0.25  }
1 sway1                     |           -  *--    {   0.23,   0.24,   0.25,   0.26,   0.27  }
1 xpln1                     |              *      {   0.24,   0.24,   0.25,   0.25,   0.26  }
1 sway2                     |         ---  *----  {   0.22,   0.24,   0.25,   0.26,   0.28  }

Table 2:
                                             Cost-         Completion+               Idle-
                    all to all                   =                   =                   =
                  all to sway1                   ≠                   ≠                   ≠
                  all to sway2                   ≠                   ≠                   ≠
                sway1 to sway2                   ≠                   ≠                   ≠
                sway1 to xpln1                   ≠                   ≠                   ≠
                  sway1 to top                   ≠                   ≠                   ≠
                sway2 to xpln2                   ≠                   ≠                   ≠

Xpln Runtimes:
    xpln1:             269.4ms
    xpln2:            114.39ms

Scott-Knott for: xpln Runtimes
1 xpln2 - *-               |                     {   0.10,   0.11,   0.12,   0.12,   0.12  }
1 xpln1                    |  -----    *------   {   0.23,   0.26,   0.28,   0.29,   0.32  }

Sampling Taxes:
                                             Cost-         Completion+               Idle-
    Sampling Tax (all - sway1)                85.7                 0.0                -0.0
    Sampling Tax (all - sway2)               158.7                 0.0                -0.0

Explanation Taxes:
                                             Cost-         Completion+               Idle-
     xpln1 Tax (sway1 - xpln1)               -85.5                -0.0                -0.0
     xpln2 Tax (sway2 - xpln2)              -139.3                -0.0                 0.0


File: SSM
Table 1:
                                 NUMBERITERATIONS-     TIMETOSOLUTION-
                           all               31.45              486.24
                         sway1               12.05               264.7
                         xpln1               15.14              280.14
                         sway2                8.06              153.52
                         xpln2                9.52              165.41
                           top                4.08               83.21

Scott-Knott for: NUMBERITERATIONS-
1 top    *                  |                     {   4.06,   4.08,   4.09,   4.09,   4.11  }
1 sway2  *-                 |                     {   6.16,   6.96,   7.38,   8.66,  11.13  }
1 sway1   *-                |                     {   5.98,   7.13,   8.69,   9.99,  14.33  }
1 xpln2   *                 |                     {   8.35,   8.80,   9.03,   9.96,  11.91  }
1 xpln1  -*--------         |                     {   7.81,   8.68,   9.88,  12.32,  28.14  }
2 all             -- *-     |                     {  26.80,  29.55,  31.55,  33.03,  36.81  }

Scott-Knott for: TIMETOSOLUTION-
1 top    *                  |                     {  82.35,  83.01,  83.50,  83.73,  84.14  }
1 sway2  *                  |                     { 108.69, 140.72, 153.54, 163.47, 222.05  }
1 xpln2  *                  |                     {  98.19, 155.66, 167.31, 186.05, 216.72  }
1 sway1  *-                 |                     { 128.50, 150.48, 174.56, 189.48, 234.45  }
1 xpln1  *---------         |                     { 142.03, 162.57, 178.51, 216.72, 677.88  }
2 all         -*--          |                     { 397.40, 441.96, 478.68, 528.54, 630.31  }

Table 2:
                                 NUMBERITERATIONS-     TIMETOSOLUTION-
                    all to all                   =                   =
                  all to sway1                   ≠                   ≠
                  all to sway2                   ≠                   ≠
                sway1 to sway2                   ≠                   ≠
                sway1 to xpln1                   ≠                   ≠
                  sway1 to top                   ≠                   ≠
                sway2 to xpln2                   ≠                   ≠

Xpln Runtimes:
    xpln1:           3024.55ms
    xpln2:            1914.4ms

Scott-Knott for: xpln Runtimes
1 xpln2   *-------         |                     {   1.75,   1.78,   1.82,   1.88,   2.41  }
1 xpln1              -  *  |--------             {   2.63,   2.69,   2.84,   3.19,   3.74  }

Sampling Taxes:
                                 NUMBERITERATIONS-     TIMETOSOLUTION-
    Sampling Tax (all - sway1)                19.4               221.5
    Sampling Tax (all - sway2)                23.4               332.7

Explanation Taxes:
                                 NUMBERITERATIONS-     TIMETOSOLUTION-
     xpln1 Tax (sway1 - xpln1)                -3.1               -15.4
     xpln2 Tax (sway2 - xpln2)                -1.5               -11.9


File: SSN
Table 1:
                                             PSNR-             Energy-
                           all               44.69              1653.7
                         sway1               44.43             1438.12
                         xpln1               44.64             1559.63
                         sway2               44.41              849.02
                         xpln2               44.27             1002.08
                           top               34.12              754.51

Scott-Knott for: PSNR-
1 top    *                  |                     {  33.85,  34.06,  34.12,  34.23,  34.47  }
1 xpln2                     |        -*------     {  43.70,  43.91,  44.07,  44.23,  46.17  }
1 sway1                     |       --*  ------   {  43.24,  43.81,  44.02,  44.86,  46.96  }
1 xpln1                     |        - *-----     {  43.77,  44.03,  44.28,  44.63,  46.32  }
1 sway2                     |        -  *-        {  43.47,  44.02,  44.72,  44.83,  45.43  }
1 all                       |          -*         {  44.30,  44.50,  44.76,  44.94,  45.13  }

Scott-Knott for: Energy-
1 top    -*                 |                     { 734.48, 740.34, 752.66, 774.80, 790.76  }
1 sway2   * --              |                     { 641.20, 717.28, 788.27, 995.67, 1184.67  }
2 xpln2  ----*              |                     { 554.02, 1054.38, 1075.72, 1089.47, 1106.50  }
3 xpln1       *  -----------|----------           { 1059.65, 1099.24, 1136.15, 1454.81, 3529.98  }
4 sway1   -   * ------------|                     { 803.96, 928.89, 1183.69, 1336.84, 2646.85  }
5 all             -*        |                     { 1579.61, 1626.21, 1642.41, 1696.84, 1776.74  }

Table 2:
                                             PSNR-             Energy-
                    all to all                   =                   =
                  all to sway1                   ≠                   ≠
                  all to sway2                   ≠                   ≠
                sway1 to sway2                   ≠                   ≠
                sway1 to xpln1                   ≠                   ≠
                  sway1 to top                   ≠                   ≠
                sway2 to xpln2                   ≠                   ≠

Xpln Runtimes:
    xpln1:           1773.38ms
    xpln2:            980.86ms

Scott-Knott for: xpln Runtimes
1 xpln2 *-                 |                     {   0.94,   0.96,   0.98,   1.01,   1.03  }
1 xpln1               - *  |-------              {   1.56,   1.62,   1.65,   1.83,   2.16  }

Sampling Taxes:
                                             PSNR-             Energy-
    Sampling Tax (all - sway1)                 0.3               215.6
    Sampling Tax (all - sway2)                 0.3               804.7

Explanation Taxes:
                                             PSNR-             Energy-
     xpln1 Tax (sway1 - xpln1)                -0.2              -121.5
     xpln2 Tax (sway2 - xpln2)                 0.1              -153.1


