File: auto2
Table 1:
                                          CityMPG+         HighwayMPG+             Weight-              Class-
                           all               22.37               29.09              3072.9               19.51
                         sway1               31.67               36.98              2198.1                9.34
                         xpln1               30.19               35.69             2299.54               10.75
                         sway2               33.14                38.1             2131.92                9.27
                         xpln2               30.33               35.81              2285.9               10.66
                           top               37.17               42.33             2076.67                9.38

Scott-Knott for: CityMPG+
1 all    *                  |                     {  22.37,  22.37,  22.37,  22.37,  22.37  }
1 xpln1                   --*--------             {  29.25,  29.86,  29.86,  30.32,  33.44  }
1 xpln2                     *   -----             {  29.86,  29.86,  29.86,  31.44,  33.43  }
1 sway1               ------|-      * ---         {  27.67,  30.67,  32.83,  33.60,  34.83  }
1 sway2                     |    --- *--          {  31.83,  32.83,  33.33,  33.50,  34.33  }
1 top                       |                   * {  37.17,  37.17,  37.17,  37.17,  37.17  }

Scott-Knott for: HighwayMPG+
1 all    *                  |                     {  29.09,  29.09,  29.09,  29.09,  29.09  }
1 xpln1                    *|----                 {  35.48,  35.48,  35.48,  35.68,  37.67  }
1 xpln2                  --*| ------              {  35.00,  35.48,  35.48,  36.67,  38.57  }
1 sway1                 ----|    * ----           {  34.50,  36.33,  37.67,  38.33,  39.50  }
1 sway2                     |  --  *---           {  36.83,  37.67,  38.17,  38.67,  39.50  }
1 top                       |                   * {  42.33,  42.33,  42.33,  42.33,  42.33  }

Scott-Knott for: Weight-
1 top       *               |                     { 2076.67, 2076.67, 2076.67, 2076.67, 2076.67  }
1 sway2     - *---          |                     { 2081.67, 2097.50, 2115.00, 2168.33, 2237.50  }
2 sway1    --   *  -----    |                     { 2057.50, 2108.33, 2193.33, 2269.17, 2423.00  }
3 xpln1         ---- *      |                     { 2185.00, 2284.47, 2312.86, 2312.86, 2332.50  }
3 xpln2     ---      *------|----------           { 2069.29, 2161.67, 2312.86, 2312.86, 2835.00  }
4 all                       |                   * { 3072.90, 3072.90, 3072.90, 3072.90, 3072.90  }

Scott-Knott for: Class-
1 sway2   -*------          |                     {   8.75,   8.90,   9.07,   9.30,  11.28  }
1 sway1   - * -             |                     {   8.62,   8.95,   9.33,   9.87,  10.35  }
1 top       *               |                     {   9.38,   9.38,   9.38,   9.38,   9.38  }
2 xpln1      --*-----       |                     {   9.64,  10.17,  10.17,  10.17,  12.15  }
2 xpln2  ------*------------|----------------     {   8.41,  10.17,  10.17,  10.17,  19.67  }
3 all                       |               *     {  19.51,  19.51,  19.51,  19.51,  19.51  }

Table 2:
                                          CityMPG+         HighwayMPG+             Weight-              Class-
                    all to all                   =                   =                   =                   =
                  all to sway1                   ≠                   ≠                   ≠                   ≠
                  all to sway2                   ≠                   ≠                   ≠                   ≠
                sway1 to sway2                   ≠                   ≠                   ≠                   ≠
                sway1 to xpln1                   ≠                   ≠                   ≠                   ≠
                  sway1 to top                   ≠                   ≠                   ≠                   ≠
                sway2 to xpln2                   ≠                   ≠                   ≠                   ≠

Xpln Runtimes:
    xpln1:             10.42ms
    xpln2:              9.29ms

Scott-Knott for: xpln Runtimes
1 xpln2  --     *          |-------              {   0.01,   0.01,   0.01,   0.01,   0.01  }
1 xpln1           -------  *      -----          {   0.01,   0.01,   0.01,   0.01,   0.01  }

Sampling Taxes:
                                          CityMPG+         HighwayMPG+             Weight-              Class-
    Sampling Tax (all - sway1)                -9.3                -7.9               874.8                10.2
    Sampling Tax (all - sway2)               -10.8                -9.0               941.0                10.2

Explanation Taxes:
                                          CityMPG+         HighwayMPG+             Weight-              Class-
     xpln1 Tax (sway1 - xpln1)                 1.5                 1.3              -101.4                -1.4
     xpln2 Tax (sway2 - xpln2)                 2.8                 2.3              -154.0                -1.4


File: auto93
Table 1:
                                              Lbs-                Acc+                Mpg+
                           all             2970.42               15.57               23.84
                         sway1              2159.9               16.97               30.53
                         xpln1             2320.82               16.67                30.3
                         sway2             2038.04               16.71               35.88
                         xpln2             2221.88               16.18               31.95
                           top             2005.08               19.81               40.77

Scott-Knott for: Lbs-
1 top     *                 |                     { 2005.08, 2005.08, 2005.08, 2005.08, 2005.08  }
1 sway2    *--              |                     { 1999.33, 2005.83, 2024.23, 2070.15, 2110.92  }
2 sway1   ----  *  ---      |                     { 2003.08, 2117.25, 2158.08, 2246.15, 2310.15  }
3 xpln2           *-        |                     { 2210.71, 2221.23, 2221.23, 2227.61, 2251.27  }
4 xpln1                *  --|                     { 2221.23, 2221.23, 2332.00, 2423.30, 2469.32  }
5 all                       |                   * { 2970.42, 2970.42, 2970.42, 2970.42, 2970.42  }

Scott-Knott for: Acc+
1 all    *                  |                     {  15.57,  15.57,  15.57,  15.57,  15.57  }
1 xpln2      -*             |                     {  16.09,  16.17,  16.17,  16.17,  16.33  }
1 xpln1          *  --------|                     {  16.17,  16.17,  16.53,  16.79,  17.81  }
1 sway2        --- *----    |                     {  16.33,  16.63,  16.75,  16.81,  17.26  }
1 sway1        ---- *   ----|---                  {  16.33,  16.69,  16.83,  17.30,  18.13  }
2 top                       |                   * {  19.81,  19.81,  19.81,  19.81,  19.81  }

Scott-Knott for: Mpg+
1 all    *                  |                     {  23.84,  23.84,  23.84,  23.84,  23.84  }
1 xpln1               *-----|----                 {  28.57,  28.57,  30.13,  30.13,  34.74  }
1 sway1   --------    *     |      -              {  25.00,  28.33,  30.00,  35.38,  35.83  }
2 xpln2                     *  -                  {  30.13,  30.13,  32.61,  33.89,  34.29  }
3 sway2                     |    -- * --          {  34.62,  35.38,  35.83,  36.67,  37.50  }
4 top                       |                   * {  40.77,  40.77,  40.77,  40.77,  40.77  }

Table 2:
                                              Lbs-                Acc+                Mpg+
                    all to all                   =                   =                   =
                  all to sway1                   ≠                   ≠                   ≠
                  all to sway2                   ≠                   ≠                   ≠
                sway1 to sway2                   ≠                   ≠                   ≠
                sway1 to xpln1                   ≠                   ≠                   ≠
                  sway1 to top                   ≠                   ≠                   ≠
                sway2 to xpln2                   ≠                   ≠                   ≠

Xpln Runtimes:
    xpln1:              4.18ms
    xpln2:               2.7ms

Scott-Knott for: xpln Runtimes
1 xpln2 -*--               |                     {   0.00,   0.00,   0.00,   0.00,   0.00  }
1 xpln1     -  * --------  |                     {   0.00,   0.00,   0.00,   0.00,   0.01  }

Sampling Taxes:
                                              Lbs-                Acc+                Mpg+
    Sampling Tax (all - sway1)               810.5                -1.4                -6.7
    Sampling Tax (all - sway2)               932.4                -1.1               -12.0

Explanation Taxes:
                                              Lbs-                Acc+                Mpg+
     xpln1 Tax (sway1 - xpln1)              -160.9                 0.3                 0.2
     xpln2 Tax (sway2 - xpln2)              -183.8                 0.5                 3.9


File: china
Table 1:
                                         N_effort-
                           all             4277.64
                         sway1              687.13
                         xpln1             2473.82
                         sway2              393.64
                         xpln2             1518.61
                           top              147.56

Scott-Knott for: N_effort-
1 top    *                  |                     { 147.56, 147.56, 147.56, 147.56, 147.56  }
1 sway2  *                  |                     { 306.44, 353.06, 382.93, 425.62, 517.12  }
1 sway1  *-----             |                     { 344.31, 376.27, 434.06, 648.62, 1776.06  }
2 xpln2   -*      ----      |                     { 785.45, 818.00, 879.37, 2502.76, 3340.17  }
3 xpln1    -   *    --------|-------------------  { 818.00, 1071.82, 1706.15, 2803.99, 8952.78  }
4 all                     * |                     { 4277.64, 4277.64, 4277.64, 4277.64, 4277.64  }

Table 2:
                                         N_effort-
                    all to all                   =
                  all to sway1                   ≠
                  all to sway2                   ≠
                sway1 to sway2                   ≠
                sway1 to xpln1                   ≠
                  sway1 to top                   ≠
                sway2 to xpln2                   ≠

Xpln Runtimes:
    xpln1:              14.6ms
    xpln2:             12.01ms

Scott-Knott for: xpln Runtimes
1 xpln2    --   * ----     |                     {   0.01,   0.01,   0.01,   0.01,   0.01  }
1 xpln1           ------   *    -------          {   0.01,   0.01,   0.01,   0.02,   0.02  }

Sampling Taxes:
                                         N_effort-
    Sampling Tax (all - sway1)              3590.5
    Sampling Tax (all - sway2)              3884.0

Explanation Taxes:
                                         N_effort-
     xpln1 Tax (sway1 - xpln1)             -1786.7
     xpln2 Tax (sway2 - xpln2)             -1125.0


File: coc1000
Table 1:
                                              LOC+               AEXP-               PLEX-               RISK-             EFFORT-
                           all             1011.78                2.97                3.04                6.66            30923.04
                         sway1             1029.64                2.96                2.98                5.17            27703.54
                         xpln1              991.48                2.94                3.03                6.68            31448.86
                         sway2             1056.82                2.81                2.91                 3.7            22305.61
                         xpln2              990.52                2.97                3.04                6.47            28209.68
                           top             1591.69                1.62                1.31                4.94            35220.62

Scott-Knott for: LOC+
1 xpln2           - *--     |                     { 951.37, 969.68, 992.60, 1007.43, 1055.48  }
1 sway1         --  *    ---|-                    { 909.97, 964.32, 1002.45, 1103.94, 1205.39  }
2 all               *-      |                     { 995.64, 1003.30, 1010.11, 1018.05, 1036.52  }
3 xpln1           -  *-     |                     { 951.37, 984.23, 1013.12, 1032.68, 1055.48  }
4 sway2            --  * ---|                     { 978.19, 1028.13, 1065.13, 1110.35, 1176.23  }
5 top                       |                   * { 1591.69, 1591.69, 1591.69, 1591.69, 1591.69  }

Scott-Knott for: AEXP-
1 top    *                  |                     {   1.62,   1.62,   1.62,   1.62,   1.62  }
1 sway2                     | --  *  --           {   2.62,   2.69,   2.81,   2.94,   3.03  }
1 xpln1                     |      -- *-          {   2.84,   2.94,   2.95,   2.96,   3.04  }
1 sway1                     |   -   *    ------   {   2.71,   2.75,   2.90,   3.12,   3.38  }
1 xpln2                     |        -*           {   2.93,   2.96,   2.96,   2.98,   3.03  }
1 all                       |        -*-          {   2.92,   2.95,   2.97,   2.99,   3.04  }

Scott-Knott for: PLEX-
1 top    *                  |                     {   1.31,   1.31,   1.31,   1.31,   1.31  }
1 sway2                     |     ---- *---       {   2.71,   2.87,   2.94,   2.94,   3.16  }
1 xpln2                     |          - *        {   2.96,   2.99,   3.03,   3.12,   3.12  }
1 all                       |           -*        {   3.00,   3.03,   3.04,   3.06,   3.11  }
1 sway1                     |       --   *---     {   2.77,   2.90,   3.03,   3.10,   3.26  }
1 xpln1                     |          - *        {   2.93,   2.98,   3.05,   3.12,   3.12  }

Scott-Knott for: RISK-
1 sway2   --------     *----|                     {   1.81,   3.26,   4.23,   4.42,   5.39  }
1 top                      *|                     {   4.94,   4.94,   4.94,   4.94,   4.94  }
1 sway1        -------      *         ----        {   2.81,   4.13,   5.29,   7.06,   7.71  }
1 xpln2                     | --   * ---          {   5.59,   5.88,   6.55,   6.79,   7.36  }
1 all                       |      -*             {   6.41,   6.60,   6.66,   6.76,   6.91  }
1 xpln1                     | ---  *    --------  {   5.59,   6.06,   6.55,   7.42,   8.82  }

Scott-Knott for: EFFORT-
1 sway2     ---    * -----  |                     { 16592.69, 19529.39, 23420.48, 25542.12, 30192.16  }
1 sway1     ------       * -|---------            { 16674.55, 22886.94, 28749.38, 30911.75, 40877.16  }
1 xpln2        -----    *   |-----                { 20163.71, 24600.86, 27805.95, 32977.21, 37330.05  }
2 all                     -*|                     { 29773.25, 30516.80, 31167.36, 31508.34, 32358.49  }
3 top                       |   *                 { 35220.62, 35220.62, 35220.62, 35220.62, 35220.62  }
3 xpln1        -----------  |   *                 { 20163.71, 29722.50, 35127.79, 37038.48, 37698.17  }

Table 2:
                                              LOC+               AEXP-               PLEX-               RISK-             EFFORT-
                    all to all                   =                   =                   =                   =                   =
                  all to sway1                   ≠                   ≠                   ≠                   ≠                   ≠
                  all to sway2                   ≠                   ≠                   ≠                   ≠                   ≠
                sway1 to sway2                   ≠                   ≠                   ≠                   ≠                   ≠
                sway1 to xpln1                   ≠                   ≠                   ≠                   ≠                   ≠
                  sway1 to top                   ≠                   ≠                   ≠                   ≠                   ≠
                sway2 to xpln2                   ≠                   ≠                   ≠                   ≠                   ≠

Xpln Runtimes:
    xpln1:             16.99ms
    xpln2:              7.44ms

Scott-Knott for: xpln Runtimes
1 xpln2 *       ----       |                     {   0.01,   0.01,   0.01,   0.01,   0.01  }
1 xpln1           ---------|------   *  ---      {   0.01,   0.02,   0.02,   0.02,   0.02  }

Sampling Taxes:
                                              LOC+               AEXP-               PLEX-               RISK-             EFFORT-
    Sampling Tax (all - sway1)               -17.9                 0.0                 0.1                 1.5              3219.5
    Sampling Tax (all - sway2)               -45.0                 0.2                 0.1                 3.0              8617.4

Explanation Taxes:
                                              LOC+               AEXP-               PLEX-               RISK-             EFFORT-
     xpln1 Tax (sway1 - xpln1)                38.2                 0.0                -0.0                -1.5             -3745.3
     xpln2 Tax (sway2 - xpln2)                66.3                -0.2                -0.1                -2.8             -5904.1


File: coc10000
Table 1:
                                              Loc+               Risk-             Effort-
                           all             1010.25                6.71            30941.02
                         sway1             1003.85                3.92            21865.54
                         xpln1             1005.83                6.64            29117.83
                         sway2             1062.09                2.71            18709.24
                         xpln2             1013.41                 6.2            25545.19
                           top             1941.94                 0.4            19642.31

Scott-Knott for: Loc+
1 sway1      --* ----       |                     { 915.08, 966.74, 982.51, 1044.22, 1159.13  }
1 all          -*           |                     { 977.05, 1008.19, 1011.29, 1021.57, 1040.01  }
1 xpln2        -*           |                     { 990.56, 1003.18, 1013.30, 1022.18, 1054.57  }
1 xpln1         *           |                     { 983.02, 993.94, 1015.24, 1026.22, 1038.75  }
2 sway2        ---*-        |                     { 973.12, 1058.94, 1073.14, 1089.53, 1117.35  }
3 top                       |                   * { 1941.94, 1941.94, 1941.94, 1941.94, 1941.94  }

Scott-Knott for: Risk-
1 top    *                  |                     {   0.40,   0.40,   0.40,   0.40,   0.40  }
1 sway2       --- *--       |                     {   1.94,   2.47,   2.86,   2.99,   3.47  }
1 sway1         ----  *  ---|-----                {   2.38,   3.31,   3.78,   4.32,   6.36  }
1 xpln2                     | -* ----------       {   5.47,   5.71,   5.87,   6.15,   8.63  }
1 xpln1                     |  --  * ------       {   5.72,   6.16,   6.71,   7.20,   8.57  }
1 all                       |     -*-             {   6.48,   6.66,   6.74,   6.86,   7.06  }

Scott-Knott for: Effort-
1 sway2  ---    *-----------|--                   { 13377.47, 15782.04, 18259.36, 19241.69, 28859.24  }
1 top             *         |                     { 19642.31, 19642.31, 19642.31, 19642.31, 19642.31  }
1 sway1    -----  *      ---|------------         { 14460.96, 18109.47, 19906.58, 25145.62, 36326.73  }
2 xpln2           --   *  --|------------         { 19969.47, 21463.14, 23164.50, 25546.58, 36048.92  }
3 xpln1               --    *           ------    { 22438.86, 24157.01, 26808.70, 35897.56, 39797.59  }
4 all                       |  -  *--             { 29518.54, 30099.65, 31220.24, 32046.64, 33374.38  }

Table 2:
                                              Loc+               Risk-             Effort-
                    all to all                   =                   =                   =
                  all to sway1                   ≠                   ≠                   ≠
                  all to sway2                   ≠                   ≠                   ≠
                sway1 to sway2                   ≠                   ≠                   ≠
                sway1 to xpln1                   ≠                   ≠                   ≠
                  sway1 to top                   ≠                   ≠                   ≠
                sway2 to xpln2                   ≠                   ≠                   ≠

Xpln Runtimes:
    xpln1:             56.79ms
    xpln2:             27.38ms

Scott-Knott for: xpln Runtimes
1 xpln2 *                  |                     {   0.03,   0.03,   0.03,   0.03,   0.03  }
1 xpln1                   -|--  *   ------       {   0.05,   0.05,   0.06,   0.06,   0.07  }

Sampling Taxes:
                                              Loc+               Risk-             Effort-
    Sampling Tax (all - sway1)                 6.4                 2.8              9075.5
    Sampling Tax (all - sway2)               -51.8                 4.0             12231.8

Explanation Taxes:
                                              Loc+               Risk-             Effort-
     xpln1 Tax (sway1 - xpln1)                -2.0                -2.7             -7252.3
     xpln2 Tax (sway2 - xpln2)                48.7                -3.5             -6836.0


File: healthCloseIsses12mths0001-hard
Table 1:
                                              MRE-                ACC+             PRED40+
                           all               82.32                5.21               22.18
                         sway1               73.72                7.83               18.76
                         xpln1               73.76                7.67               18.91
                         sway2               73.59                7.58               21.83
                         xpln2               73.75                7.66               18.79
                           top               65.57               13.92               28.04

Scott-Knott for: MRE-
1 top    *                  |                     {  65.57,  65.57,  65.57,  65.57,  65.57  }
1 sway2                  -* |                     {  73.31,  73.56,  73.66,  73.69,  73.84  }
1 xpln2                   * |                     {  73.68,  73.70,  73.73,  73.77,  73.91  }
1 sway1                  -* |                     {  73.38,  73.64,  73.71,  73.86,  74.23  }
1 xpln1                   * |                     {  73.66,  73.72,  73.76,  73.78,  73.91  }
2 all                       |               - *   {  81.66,  82.10,  82.47,  82.84,  82.95  }

Scott-Knott for: ACC+
1 all    *                  |                     {   5.07,   5.12,   5.17,   5.30,   5.45  }
1 sway2            *        |                     {   7.53,   7.55,   7.56,   7.59,   7.64  }
1 sway1            *------  |                     {   7.51,   7.56,   7.60,   7.70,   8.99  }
1 xpln2            -*       |                     {   7.58,   7.62,   7.67,   7.69,   7.78  }
1 xpln1            -*       |                     {   7.59,   7.63,   7.69,   7.71,   7.80  }
2 top                       |                   * {  13.92,  13.92,  13.92,  13.92,  13.92  }

Scott-Knott for: PRED40+
1 xpln1           -*--      |                     {  18.55,  18.65,  18.73,  19.07,  19.70  }
1 xpln2            *-       |                     {  18.41,  18.55,  18.75,  18.95,  19.43  }
2 sway1   ------    *   -   |                     {  16.03,  17.88,  19.23,  20.51,  20.89  }
3 sway2                   - * --                  {  21.15,  21.52,  21.79,  22.44,  23.08  }
4 all                      -|* -                  {  21.31,  21.78,  22.19,  22.61,  23.00  }
5 top                       |                   * {  28.04,  28.04,  28.04,  28.04,  28.04  }

Table 2:
                                              MRE-                ACC+             PRED40+
                    all to all                   =                   =                   =
                  all to sway1                   ≠                   ≠                   ≠
                  all to sway2                   ≠                   ≠                   ≠
                sway1 to sway2                   ≠                   ≠                   ≠
                sway1 to xpln1                   ≠                   ≠                   ≠
                  sway1 to top                   ≠                   ≠                   ≠
                sway2 to xpln2                   ≠                   ≠                   ≠

Xpln Runtimes:
    xpln1:             15.94ms
    xpln2:              9.35ms

Scott-Knott for: xpln Runtimes
1 xpln2  *-                |                     {   0.01,   0.01,   0.01,   0.01,   0.01  }
1 xpln1                   -|-     *-------       {   0.01,   0.01,   0.02,   0.02,   0.02  }

Sampling Taxes:
                                              MRE-                ACC+             PRED40+
    Sampling Tax (all - sway1)                 8.6                -2.6                 3.4
    Sampling Tax (all - sway2)                 8.7                -2.4                 0.4

Explanation Taxes:
                                              MRE-                ACC+             PRED40+
     xpln1 Tax (sway1 - xpln1)                -0.0                 0.2                -0.2
     xpln2 Tax (sway2 - xpln2)                -0.2                -0.1                 3.0


File: healthCloseIsses12mths0011-easy
Table 1:
                                              MRE-                ACC+             PRED40+
                           all               92.17               -8.57                17.6
                         sway1               37.56               -1.04               53.28
                         xpln1               40.65               -1.07               50.72
                         sway2               12.44               -0.32               73.28
                         xpln2               36.63               -0.47                53.4
                           top                 0.0                 0.0               83.33

Scott-Knott for: MRE-
1 top    *                  |                     {   0.00,   0.00,   0.00,   0.00,   0.00  }
1 sway2   -* -              |                     {   6.66,  10.61,  11.89,  15.70,  18.34  }
1 xpln1            -*       |                     {  34.43,  36.14,  36.72,  37.29,  41.83  }
1 xpln2             *       |                     {  34.35,  35.83,  36.80,  37.39,  39.64  }
1 sway1     ---     *  ---- |                     {  13.23,  21.22,  38.91,  46.54,  57.43  }
2 all                       |        -*-          {  89.77,  90.79,  91.87,  93.29,  97.00  }

Scott-Knott for: ACC+
1 all              -*       |                     {  -8.99,  -8.58,  -8.56,  -8.38,  -8.24  }
1 xpln1                     |                 *   {  -0.54,  -0.49,  -0.48,  -0.45,  -0.41  }
1 xpln2                     |                 *   {  -0.52,  -0.49,  -0.48,  -0.44,  -0.41  }
1 sway1                     |                 *   {  -0.60,  -0.49,  -0.43,  -0.38,  -0.26  }
1 sway2                     |                  *  {  -0.43,  -0.36,  -0.31,  -0.28,  -0.18  }
1 top                       |                   * {   0.00,   0.00,   0.00,   0.00,   0.00  }

Scott-Knott for: PRED40+
1 all           *           |                     {  16.11,  16.60,  17.42,  18.33,  19.92  }
1 xpln2                     |   -*-               {  51.27,  52.83,  53.39,  54.04,  56.48  }
1 xpln1                     |   -*                {  50.91,  52.64,  53.71,  54.07,  55.60  }
1 sway1                  ---|-    *     ---       {  37.39,  45.94,  54.49,  67.31,  74.89  }
1 sway2                     |            - *--    {  69.62,  71.58,  73.72,  74.89,  80.17  }
1 top                       |                   * {  83.33,  83.33,  83.33,  83.33,  83.33  }

Table 2:
                                              MRE-                ACC+             PRED40+
                    all to all                   =                   =                   =
                  all to sway1                   ≠                   ≠                   ≠
                  all to sway2                   ≠                   ≠                   ≠
                sway1 to sway2                   ≠                   ≠                   ≠
                sway1 to xpln1                   ≠                   ≠                   ≠
                  sway1 to top                   ≠                   ≠                   ≠
                sway2 to xpln2                   ≠                   ≠                   ≠

Xpln Runtimes:
    xpln1:             16.62ms
    xpln2:              9.43ms

Scott-Knott for: xpln Runtimes
1 xpln2  -*--              |                     {   0.01,   0.01,   0.01,   0.01,   0.01  }
1 xpln1                    |  -----  * -----     {   0.01,   0.02,   0.02,   0.02,   0.02  }

Sampling Taxes:
                                              MRE-                ACC+             PRED40+
    Sampling Tax (all - sway1)                54.6                -7.5               -35.7
    Sampling Tax (all - sway2)                79.7                -8.3               -55.7

Explanation Taxes:
                                              MRE-                ACC+             PRED40+
     xpln1 Tax (sway1 - xpln1)                -3.1                 0.0                 2.6
     xpln2 Tax (sway2 - xpln2)               -24.2                 0.2                19.9


File: nasa93dem
Table 1:
                                             Kloc+             Effort-            Defects-             Months-
                           all               94.02              624.41             3761.76               24.18
                         sway1               65.84              269.67             2356.28               19.28
                         xpln1                69.7              314.42             2567.97               20.29
                         sway2               20.84               97.77               674.6               12.62
                         xpln2                33.5              198.12             1190.34                14.9
                           top                 4.3                16.8              134.33                8.07

Scott-Knott for: Kloc+
1 top    *                  |                     {   4.30,   4.30,   4.30,   4.30,   4.30  }
1 sway2  * ------           |                     {   9.32,  13.05,  13.05,  21.15,  55.35  }
2 xpln2   -- *----          |                     {  19.67,  26.85,  32.16,  38.07,  62.43  }
3 sway1  ---   *        ----|-------              {  13.05,  27.13,  42.50,  93.55, 156.67  }
4 xpln1      --  *       ---|---                  {  32.16,  44.39,  55.10,  97.50, 132.20  }
5 all                   *   |                     {  94.02,  94.02,  94.02,  94.02,  94.02  }

Scott-Knott for: Effort-
1 top    *                  |                     {  16.80,  16.80,  16.80,  16.80,  16.80  }
1 sway2   * ------          |                     {  56.00,  56.00,  56.00, 101.33, 211.73  }
2 sway1   ---- *            | -----------         {  56.00, 131.83, 149.00, 420.40, 634.00  }
3 xpln2    ---    * --------|                     {  87.73, 135.83, 201.58, 251.92, 400.69  }
4 xpln1        ----    *   -|-----                { 156.36, 233.98, 293.14, 365.12, 502.45  }
5 all                       |            *        { 624.41, 624.41, 624.41, 624.41, 624.41  }

Scott-Knott for: Defects-
1 top    *                  |                     { 134.33, 134.33, 134.33, 134.33, 134.33  }
1 sway2  * -----            |                     { 407.00, 407.00, 407.00, 757.33, 1594.83  }
2 xpln2   ---*-----         |                     { 613.33, 1064.32, 1108.94, 1333.67, 2134.35  }
3 sway1  ----  *        ----|-----------------    { 407.00, 1084.33, 1447.40, 3009.83, 6835.40  }
4 xpln1      --     *   ----|-------------        { 1108.94, 1523.18, 2317.38, 3009.83, 6132.40  }
5 all                       *                     { 3761.76, 3761.76, 3761.76, 3761.76, 3761.76  }

Scott-Knott for: Months-
1 top    *                  |                     {   8.07,   8.07,   8.07,   8.07,   8.07  }
1 sway2      *   ------     |                     {  11.40,  11.40,  11.40,  13.78,  17.05  }
2 xpln2        -- * -----   |                     {  12.38,  13.92,  14.42,  15.56,  18.60  }
3 sway1      --------  *    |    ---------        {  11.40,  15.98,  17.56,  23.45,  28.57  }
4 xpln1          -------    |*   -----            {  14.01,  17.87,  21.04,  23.36,  26.25  }
5 all                       |      *              {  24.18,  24.18,  24.18,  24.18,  24.18  }

Table 2:
                                             Kloc+             Effort-            Defects-             Months-
                    all to all                   =                   =                   =                   =
                  all to sway1                   ≠                   ≠                   ≠                   ≠
                  all to sway2                   ≠                   ≠                   ≠                   ≠
                sway1 to sway2                   ≠                   ≠                   ≠                   ≠
                sway1 to xpln1                   ≠                   ≠                   ≠                   ≠
                  sway1 to top                   ≠                   ≠                   ≠                   ≠
                sway2 to xpln2                   ≠                   ≠                   ≠                   ≠

Xpln Runtimes:
    xpln1:              3.18ms
    xpln2:               3.1ms

Scott-Knott for: xpln Runtimes
1 xpln2  *---              |                     {   0.00,   0.00,   0.00,   0.00,   0.00  }
1 xpln1    *-              |                     {   0.00,   0.00,   0.00,   0.00,   0.00  }

Sampling Taxes:
                                             Kloc+             Effort-            Defects-             Months-
    Sampling Tax (all - sway1)                28.2               354.7              1405.5                 4.9
    Sampling Tax (all - sway2)                73.2               526.6              3087.2                11.6

Explanation Taxes:
                                             Kloc+             Effort-            Defects-             Months-
     xpln1 Tax (sway1 - xpln1)                -3.9               -44.8              -211.7                -1.0
     xpln2 Tax (sway2 - xpln2)               -12.7              -100.3              -515.7                -2.3


File: pom
Table 1:
                                             Cost-         Completion+               Idle-
                           all              369.11                0.86                0.25
                         sway1              267.88                0.87                0.24
                         xpln1              377.82                0.87                0.25
                         sway2              154.64                0.86                0.24
                         xpln2              333.84                0.87                0.24
                           top               149.2                0.96                 0.0

Scott-Knott for: Cost-
1 top    *                  |                     { 149.20, 149.20, 149.20, 149.20, 149.20  }
1 sway2   *                 |                     { 143.54, 148.68, 155.26, 158.33, 171.31  }
2 sway1    ---       *      |-----                { 169.88, 198.18, 262.09, 329.19, 391.27  }
3 xpln2                 -   |  *                  { 292.89, 297.35, 359.08, 365.26, 370.39  }
3 all                       |  -*-                { 359.90, 365.37, 368.88, 374.51, 383.97  }
3 xpln1                  ---|--- *-----           { 305.51, 367.33, 377.16, 386.53, 431.87  }

Scott-Knott for: Completion+
1 sway2      ---   *  ---   |                     {   0.84,   0.85,   0.86,   0.87,   0.88  }
1 all                 *     |                     {   0.86,   0.86,   0.87,   0.87,   0.87  }
1 xpln1               *--   |                     {   0.86,   0.86,   0.87,   0.87,   0.88  }
1 xpln2               *--   |                     {   0.86,   0.86,   0.87,   0.87,   0.88  }
1 sway1      ------   *  ---|                     {   0.84,   0.86,   0.87,   0.88,   0.89  }
2 top                       |                   * {   0.96,   0.96,   0.96,   0.96,   0.96  }

Scott-Knott for: Idle-
1 top    *                  |                     {   0.00,   0.00,   0.00,   0.00,   0.00  }
1 sway2                     |       -   *---      {   0.21,   0.22,   0.24,   0.25,   0.27  }
1 xpln2                     |         --*         {   0.23,   0.24,   0.24,   0.25,   0.25  }
1 all                       |            *        {   0.24,   0.24,   0.25,   0.25,   0.26  }
1 sway1                     |    ----    *----    {   0.19,   0.22,   0.25,   0.26,   0.29  }
1 xpln1                     |            *        {   0.24,   0.24,   0.25,   0.25,   0.26  }

Table 2:
                                             Cost-         Completion+               Idle-
                    all to all                   =                   =                   =
                  all to sway1                   ≠                   ≠                   ≠
                  all to sway2                   ≠                   ≠                   ≠
                sway1 to sway2                   ≠                   ≠                   ≠
                sway1 to xpln1                   ≠                   ≠                   ≠
                  sway1 to top                   ≠                   ≠                   ≠
                sway2 to xpln2                   ≠                   ≠                   ≠

Xpln Runtimes:
    xpln1:             24.36ms
    xpln2:             13.06ms

Scott-Knott for: xpln Runtimes
1 xpln2 *-                 |                     {   0.01,   0.01,   0.01,   0.01,   0.01  }
1 xpln1                    |     ----  *  ----   {   0.02,   0.02,   0.02,   0.03,   0.03  }

Sampling Taxes:
                                             Cost-         Completion+               Idle-
    Sampling Tax (all - sway1)               101.2                -0.0                 0.0
    Sampling Tax (all - sway2)               214.5                 0.0                 0.0

Explanation Taxes:
                                             Cost-         Completion+               Idle-
     xpln1 Tax (sway1 - xpln1)              -109.9                 0.0                -0.0
     xpln2 Tax (sway2 - xpln2)              -179.2                -0.0                -0.0


File: SSM
Table 1:
                                 NUMBERITERATIONS-     TIMETOSOLUTION-
                           all               33.06              512.96
                         sway1                7.04              160.14
                         xpln1                8.32              165.33
                         sway2                4.78              116.65
                         xpln2                8.59               149.2
                           top                3.66               62.34

Scott-Knott for: NUMBERITERATIONS-
1 top    *                  |                     {   3.66,   3.66,   3.66,   3.66,   3.66  }
1 sway2  *                  |                     {   4.02,   4.30,   4.89,   4.94,   5.66  }
1 sway1  * ----------       |                     {   4.22,   4.58,   5.03,   7.11,  19.22  }
2 xpln2     *-              |                     {   7.09,   7.95,   8.24,   9.14,  11.51  }
2 xpln1  -- *               |                     {   5.57,   7.64,   8.46,   9.13,  10.13  }
3 all                       |  -  *----           {  29.60,  31.13,  33.11,  34.54,  39.09  }

Scott-Knott for: TIMETOSOLUTION-
1 top    *                  |                     {  62.34,  62.34,  62.34,  62.34,  62.34  }
1 sway2  - *----            |                     {  86.98, 104.01, 113.75, 124.10, 181.73  }
1 sway1  -- *  -------------|                     {  90.30, 106.13, 126.24, 167.95, 356.15  }
1 xpln2   -  *  --          |                     {  97.34, 115.64, 148.35, 185.85, 211.45  }
1 xpln1   ---  *------      |                     { 103.55, 147.70, 164.04, 187.70, 269.77  }
2 all                       |    ---    *----     { 427.60, 473.95, 527.55, 539.23, 608.86  }

Table 2:
                                 NUMBERITERATIONS-     TIMETOSOLUTION-
                    all to all                   =                   =
                  all to sway1                   ≠                   ≠
                  all to sway2                   ≠                   ≠
                sway1 to sway2                   ≠                   ≠
                sway1 to xpln1                   ≠                   ≠
                  sway1 to top                   ≠                   ≠
                sway2 to xpln2                   ≠                   ≠

Xpln Runtimes:
    xpln1:            162.83ms
    xpln2:            131.06ms

Scott-Knott for: xpln Runtimes
1 xpln2 *-------           |                     {   0.12,   0.13,   0.13,   0.13,   0.15  }
1 xpln1      ----- *       |----------           {   0.14,   0.15,   0.15,   0.17,   0.20  }

Sampling Taxes:
                                 NUMBERITERATIONS-     TIMETOSOLUTION-
    Sampling Tax (all - sway1)                26.0               352.8
    Sampling Tax (all - sway2)                28.3               396.3

Explanation Taxes:
                                 NUMBERITERATIONS-     TIMETOSOLUTION-
     xpln1 Tax (sway1 - xpln1)                -1.3                -5.2
     xpln2 Tax (sway2 - xpln2)                -3.8               -32.6


File: SSN
Table 1:
                                             PSNR-             Energy-
                           all               44.43             1673.84
                         sway1               44.38             1098.41
                         xpln1               44.59             1212.47
                         sway2               44.71              674.33
                         xpln2               44.57              903.08
                           top               25.93              501.45

Scott-Knott for: PSNR-
1 top    *                  |                     {  25.93,  25.93,  25.93,  25.93,  25.93  }
1 xpln2                     |              * -    {  43.73,  43.89,  44.18,  45.52,  46.04  }
1 xpln1                     |           -- *  -   {  42.63,  43.85,  44.36,  45.90,  46.66  }
1 all                       |             -*      {  44.03,  44.38,  44.47,  44.62,  44.77  }
1 sway1                     |          ---  *--   {  42.54,  43.84,  44.74,  45.08,  46.39  }
1 sway2                     |           ---- *    {  42.82,  45.03,  45.20,  45.30,  45.44  }

Scott-Knott for: Energy-
1 top    *                  |                     { 501.45, 501.45, 501.45, 501.45, 501.45  }
1 sway2  *---------         |                     { 521.38, 545.82, 594.57, 636.33, 1231.99  }
2 sway1  --    *     -------|                     { 606.69, 725.60, 951.15, 1354.89, 1826.70  }
2 xpln2  -     *------      |                     { 552.33, 618.79, 991.71, 1050.18, 1445.08  }
3 xpln1  ------ *    -------|-------              { 558.72, 1005.74, 1061.99, 1397.30, 2341.39  }
4 all                     * |                     { 1608.97, 1629.68, 1682.43, 1734.12, 1751.24  }

Table 2:
                                             PSNR-             Energy-
                    all to all                   =                   =
                  all to sway1                   ≠                   ≠
                  all to sway2                   ≠                   ≠
                sway1 to sway2                   ≠                   ≠
                sway1 to xpln1                   ≠                   ≠
                  sway1 to top                   ≠                   ≠
                sway2 to xpln2                   ≠                   ≠

Xpln Runtimes:
    xpln1:              94.2ms
    xpln2:             75.84ms

Scott-Knott for: xpln Runtimes
1 xpln2 - * --------       |                     {   0.07,   0.07,   0.07,   0.08,   0.09  }
1 xpln1           ----     * -------------       {   0.08,   0.09,   0.09,   0.10,   0.11  }

Sampling Taxes:
                                             PSNR-             Energy-
    Sampling Tax (all - sway1)                 0.0               575.4
    Sampling Tax (all - sway2)                -0.3               999.5

Explanation Taxes:
                                             PSNR-             Energy-
     xpln1 Tax (sway1 - xpln1)                -0.2              -114.1
     xpln2 Tax (sway2 - xpln2)                 0.1              -228.8


